{"/Users/adamshawky/GitHub/event-flow/backend/src/app.module.ts": {"path":"/Users/adamshawky/GitHub/event-flow/backend/src/app.module.ts","statementMap":{"0":{"start":{"line":1,"column":0},"end":{"line":1,"column":40}},"1":{"start":{"line":2,"column":0},"end":{"line":2,"column":54}},"2":{"start":{"line":3,"column":0},"end":{"line":3,"column":48}},"3":{"start":{"line":4,"column":0},"end":{"line":4,"column":51}},"4":{"start":{"line":5,"column":0},"end":{"line":5,"column":54}},"5":{"start":{"line":6,"column":0},"end":{"line":6,"column":60}},"6":{"start":{"line":7,"column":0},"end":{"line":7,"column":60}},"7":{"start":{"line":8,"column":0},"end":{"line":8,"column":54}},"8":{"start":{"line":9,"column":0},"end":{"line":9,"column":81}},"9":{"start":{"line":23,"column":7},"end":{"line":23,"column":null}},"10":{"start":{"line":23,"column":13},"end":{"line":23,"column":22}},"11":{"start":{"line":23,"column":13},"end":{"line":23,"column":null}}},"fnMap":{},"branchMap":{},"s":{"0":0,"1":0,"2":0,"3":0,"4":0,"5":0,"6":0,"7":0,"8":0,"9":0,"10":0,"11":0},"f":{},"b":{}}
,"/Users/adamshawky/GitHub/event-flow/backend/src/main.ts": {"path":"/Users/adamshawky/GitHub/event-flow/backend/src/main.ts","statementMap":{"0":{"start":{"line":1,"column":0},"end":{"line":1,"column":23}},"1":{"start":{"line":2,"column":0},"end":{"line":2,"column":43}},"2":{"start":{"line":3,"column":0},"end":{"line":3,"column":41}},"3":{"start":{"line":5,"column":0},"end":{"line":5,"column":28}},"4":{"start":{"line":8,"column":14},"end":{"line":8,"column":73}},"5":{"start":{"line":9,"column":2},"end":{"line":9,"column":29}},"6":{"start":{"line":10,"column":2},"end":{"line":10,"column":19}},"7":{"start":{"line":11,"column":2},"end":{"line":13,"column":5}},"8":{"start":{"line":14,"column":2},"end":{"line":14,"column":45}},"9":{"start":{"line":15,"column":2},"end":{"line":15,"column":58}},"10":{"start":{"line":17,"column":0},"end":{"line":17,"column":12}}},"fnMap":{"0":{"name":"bootstrap","decl":{"start":{"line":7,"column":15},"end":{"line":7,"column":24}},"loc":{"start":{"line":7,"column":24},"end":{"line":16,"column":1}}}},"branchMap":{"0":{"loc":{"start":{"line":14,"column":19},"end":{"line":14,"column":43}},"type":"binary-expr","locations":[{"start":{"line":14,"column":19},"end":{"line":14,"column":35}},{"start":{"line":14,"column":39},"end":{"line":14,"column":43}}]}},"s":{"0":0,"1":0,"2":0,"3":0,"4":0,"5":0,"6":0,"7":0,"8":0,"9":0,"10":0},"f":{"0":0},"b":{"0":[0,0]}}
,"/Users/adamshawky/GitHub/event-flow/backend/src/auth/auth.controller.ts": {"path":"/Users/adamshawky/GitHub/event-flow/backend/src/auth/auth.controller.ts","statementMap":{"0":{"start":{"line":1,"column":0},"end":{"line":1,"column":56}},"1":{"start":{"line":2,"column":0},"end":{"line":2,"column":45}},"2":{"start":{"line":3,"column":0},"end":{"line":3,"column":49}},"3":{"start":{"line":4,"column":0},"end":{"line":4,"column":43}},"4":{"start":{"line":7,"column":7},"end":{"line":19,"column":null}},"5":{"start":{"line":8,"column":22},"end":{"line":8,"column":35}},"6":{"start":{"line":12,"column":4},"end":{"line":12,"column":42}},"7":{"start":{"line":17,"column":4},"end":{"line":17,"column":39}},"8":{"start":{"line":7,"column":13},"end":{"line":7,"column":27}},"9":{"start":{"line":11,"column":2},"end":{"line":13,"column":null}},"10":{"start":{"line":16,"column":2},"end":{"line":18,"column":null}},"11":{"start":{"line":7,"column":13},"end":{"line":19,"column":null}}},"fnMap":{"0":{"name":"(anonymous_4)","decl":{"start":{"line":8,"column":2},"end":{"line":8,"column":22}},"loc":{"start":{"line":8,"column":46},"end":{"line":8,"column":50}}},"1":{"name":"(anonymous_5)","decl":{"start":{"line":11,"column":2},"end":{"line":11,"column":10}},"loc":{"start":{"line":11,"column":35},"end":{"line":13,"column":3}}},"2":{"name":"(anonymous_6)","decl":{"start":{"line":16,"column":2},"end":{"line":16,"column":7}},"loc":{"start":{"line":16,"column":29},"end":{"line":18,"column":3}}}},"branchMap":{"0":{"loc":{"start":{"line":11,"column":24},"end":{"line":11,"column":null}},"type":"cond-expr","locations":[{"start":{"line":11,"column":35},"end":{"line":11,"column":null}},{"start":{"line":11,"column":35},"end":{"line":11,"column":null}}]},"1":{"loc":{"start":{"line":11,"column":24},"end":{"line":11,"column":35}},"type":"binary-expr","locations":[{"start":{"line":11,"column":24},"end":{"line":11,"column":null}},{"start":{"line":11,"column":24},"end":{"line":11,"column":35}}]},"2":{"loc":{"start":{"line":16,"column":21},"end":{"line":16,"column":null}},"type":"cond-expr","locations":[{"start":{"line":16,"column":29},"end":{"line":16,"column":null}},{"start":{"line":16,"column":29},"end":{"line":16,"column":null}}]},"3":{"loc":{"start":{"line":16,"column":21},"end":{"line":16,"column":29}},"type":"binary-expr","locations":[{"start":{"line":16,"column":21},"end":{"line":16,"column":null}},{"start":{"line":16,"column":21},"end":{"line":16,"column":29}}]},"4":{"loc":{"start":{"line":8,"column":35},"end":{"line":8,"column":49}},"type":"cond-expr","locations":[{"start":{"line":8,"column":46},"end":{"line":8,"column":49}},{"start":{"line":8,"column":46},"end":{"line":8,"column":49}}]},"5":{"loc":{"start":{"line":8,"column":35},"end":{"line":8,"column":46}},"type":"binary-expr","locations":[{"start":{"line":8,"column":35},"end":{"line":8,"column":49}},{"start":{"line":8,"column":35},"end":{"line":8,"column":46}}]}},"s":{"0":0,"1":0,"2":0,"3":0,"4":0,"5":0,"6":0,"7":0,"8":0,"9":0,"10":0,"11":0},"f":{"0":0,"1":0,"2":0},"b":{"0":[0,0],"1":[0,0],"2":[0,0],"3":[0,0],"4":[0,0],"5":[0,0]}}
,"/Users/adamshawky/GitHub/event-flow/backend/src/auth/auth.module.ts": {"path":"/Users/adamshawky/GitHub/event-flow/backend/src/auth/auth.module.ts","statementMap":{"0":{"start":{"line":1,"column":0},"end":{"line":1,"column":40}},"1":{"start":{"line":2,"column":0},"end":{"line":2,"column":40}},"2":{"start":{"line":3,"column":0},"end":{"line":3,"column":45}},"3":{"start":{"line":4,"column":0},"end":{"line":4,"column":51}},"4":{"start":{"line":17,"column":7},"end":{"line":17,"column":null}},"5":{"start":{"line":17,"column":13},"end":{"line":17,"column":23}},"6":{"start":{"line":17,"column":13},"end":{"line":17,"column":null}}},"fnMap":{},"branchMap":{"0":{"loc":{"start":{"line":10,"column":14},"end":{"line":10,"column":63}},"type":"binary-expr","locations":[{"start":{"line":10,"column":14},"end":{"line":10,"column":36}},{"start":{"line":10,"column":40},"end":{"line":10,"column":63}}]}},"s":{"0":0,"1":0,"2":0,"3":0,"4":0,"5":0,"6":0},"f":{},"b":{"0":[0,0]}}
,"/Users/adamshawky/GitHub/event-flow/backend/src/auth/auth.service.ts": {"path":"/Users/adamshawky/GitHub/event-flow/backend/src/auth/auth.service.ts","statementMap":{"0":{"start":{"line":1,"column":0},"end":{"line":1,"column":86}},"1":{"start":{"line":2,"column":0},"end":{"line":2,"column":41}},"2":{"start":{"line":3,"column":0},"end":{"line":3,"column":57}},"3":{"start":{"line":6,"column":0},"end":{"line":6,"column":33}},"4":{"start":{"line":9,"column":7},"end":{"line":91,"column":null}},"5":{"start":{"line":11,"column":12},"end":{"line":11,"column":20}},"6":{"start":{"line":12,"column":12},"end":{"line":12,"column":24}},"7":{"start":{"line":16,"column":21},"end":{"line":18,"column":6}},"8":{"start":{"line":19,"column":4},"end":{"line":21,"column":5}},"9":{"start":{"line":20,"column":6},"end":{"line":20,"column":60}},"10":{"start":{"line":23,"column":24},"end":{"line":25,"column":6}},"11":{"start":{"line":26,"column":4},"end":{"line":28,"column":5}},"12":{"start":{"line":27,"column":6},"end":{"line":27,"column":58}},"13":{"start":{"line":30,"column":27},"end":{"line":30,"column":62}},"14":{"start":{"line":32,"column":17},"end":{"line":49,"column":6}},"15":{"start":{"line":51,"column":4},"end":{"line":51,"column":76}},"16":{"start":{"line":55,"column":17},"end":{"line":57,"column":6}},"17":{"start":{"line":59,"column":4},"end":{"line":61,"column":5}},"18":{"start":{"line":60,"column":6},"end":{"line":60,"column":61}},"19":{"start":{"line":63,"column":26},"end":{"line":63,"column":75}},"20":{"start":{"line":64,"column":4},"end":{"line":66,"column":5}},"21":{"start":{"line":65,"column":6},"end":{"line":65,"column":61}},"22":{"start":{"line":68,"column":4},"end":{"line":70,"column":5}},"23":{"start":{"line":69,"column":6},"end":{"line":69,"column":74}},"24":{"start":{"line":72,"column":4},"end":{"line":74,"column":5}},"25":{"start":{"line":73,"column":6},"end":{"line":73,"column":72}},"26":{"start":{"line":76,"column":20},"end":{"line":76,"column":78}},"27":{"start":{"line":77,"column":18},"end":{"line":77,"column":58}},"28":{"start":{"line":79,"column":4},"end":{"line":89,"column":6}},"29":{"start":{"line":9,"column":13},"end":{"line":9,"column":24}},"30":{"start":{"line":9,"column":13},"end":{"line":91,"column":null}}},"fnMap":{"0":{"name":"(anonymous_11)","decl":{"start":{"line":10,"column":2},"end":{"line":10,"column":null}},"loc":{"start":{"line":12,"column":34},"end":{"line":13,"column":6}}},"1":{"name":"(anonymous_12)","decl":{"start":{"line":15,"column":2},"end":{"line":15,"column":7}},"loc":{"start":{"line":15,"column":33},"end":{"line":52,"column":3}}},"2":{"name":"(anonymous_13)","decl":{"start":{"line":54,"column":2},"end":{"line":54,"column":7}},"loc":{"start":{"line":54,"column":27},"end":{"line":90,"column":3}}}},"branchMap":{"0":{"loc":{"start":{"line":19,"column":4},"end":{"line":21,"column":5}},"type":"if","locations":[{"start":{"line":19,"column":4},"end":{"line":21,"column":5}},{"start":{},"end":{}}]},"1":{"loc":{"start":{"line":26,"column":4},"end":{"line":28,"column":5}},"type":"if","locations":[{"start":{"line":26,"column":4},"end":{"line":28,"column":5}},{"start":{},"end":{}}]},"2":{"loc":{"start":{"line":59,"column":4},"end":{"line":61,"column":5}},"type":"if","locations":[{"start":{"line":59,"column":4},"end":{"line":61,"column":5}},{"start":{},"end":{}}]},"3":{"loc":{"start":{"line":64,"column":4},"end":{"line":66,"column":5}},"type":"if","locations":[{"start":{"line":64,"column":4},"end":{"line":66,"column":5}},{"start":{},"end":{}}]},"4":{"loc":{"start":{"line":68,"column":4},"end":{"line":70,"column":5}},"type":"if","locations":[{"start":{"line":68,"column":4},"end":{"line":70,"column":5}},{"start":{},"end":{}}]},"5":{"loc":{"start":{"line":72,"column":4},"end":{"line":74,"column":5}},"type":"if","locations":[{"start":{"line":72,"column":4},"end":{"line":74,"column":5}},{"start":{},"end":{}}]},"6":{"loc":{"start":{"line":11,"column":20},"end":{"line":11,"column":null}},"type":"cond-expr","locations":[{"start":{"line":11,"column":33},"end":{"line":11,"column":null}},{"start":{"line":11,"column":33},"end":{"line":11,"column":null}}]},"7":{"loc":{"start":{"line":11,"column":20},"end":{"line":11,"column":33}},"type":"binary-expr","locations":[{"start":{"line":11,"column":20},"end":{"line":11,"column":null}},{"start":{"line":11,"column":20},"end":{"line":11,"column":33}}]},"8":{"loc":{"start":{"line":11,"column":33},"end":{"line":12,"column":null}},"type":"cond-expr","locations":[{"start":{"line":12,"column":34},"end":{"line":12,"column":null}},{"start":{"line":12,"column":34},"end":{"line":12,"column":null}}]},"9":{"loc":{"start":{"line":11,"column":33},"end":{"line":12,"column":34}},"type":"binary-expr","locations":[{"start":{"line":11,"column":33},"end":{"line":12,"column":null}},{"start":{"line":12,"column":24},"end":{"line":12,"column":34}}]}},"s":{"0":1,"1":1,"2":1,"3":1,"4":1,"5":12,"6":12,"7":6,"8":6,"9":2,"10":4,"11":4,"12":1,"13":3,"14":3,"15":3,"16":7,"17":7,"18":2,"19":5,"20":5,"21":1,"22":4,"23":1,"24":3,"25":1,"26":2,"27":2,"28":2,"29":1,"30":1},"f":{"0":12,"1":6,"2":7},"b":{"0":[2,4],"1":[1,3],"2":[2,5],"3":[1,4],"4":[1,3],"5":[1,2],"6":[1,0],"7":[1,1],"8":[1,0],"9":[1,1]}}
,"/Users/adamshawky/GitHub/event-flow/backend/src/auth/get-user.decorator.ts": {"path":"/Users/adamshawky/GitHub/event-flow/backend/src/auth/get-user.decorator.ts","statementMap":{"0":{"start":{"line":1,"column":0},"end":{"line":1,"column":72}},"1":{"start":{"line":3,"column":13},"end":{"line":8,"column":2}},"2":{"start":{"line":5,"column":20},"end":{"line":5,"column":51}},"3":{"start":{"line":6,"column":4},"end":{"line":6,"column":24}}},"fnMap":{"0":{"name":"(anonymous_0)","decl":{"start":{"line":4,"column":2},"end":{"line":4,"column":3}},"loc":{"start":{"line":4,"column":43},"end":{"line":7,"column":3}}}},"branchMap":{},"s":{"0":0,"1":0,"2":0,"3":0},"f":{"0":0},"b":{}}
,"/Users/adamshawky/GitHub/event-flow/backend/src/auth/jwt.guard.ts": {"path":"/Users/adamshawky/GitHub/event-flow/backend/src/auth/jwt.guard.ts","statementMap":{"0":{"start":{"line":1,"column":0},"end":{"line":1,"column":98}},"1":{"start":{"line":2,"column":0},"end":{"line":2,"column":41}},"2":{"start":{"line":6,"column":7},"end":{"line":33,"column":null}},"3":{"start":{"line":7,"column":22},"end":{"line":7,"column":34}},"4":{"start":{"line":10,"column":20},"end":{"line":10,"column":64}},"5":{"start":{"line":11,"column":18},"end":{"line":11,"column":44}},"6":{"start":{"line":13,"column":4},"end":{"line":15,"column":5}},"7":{"start":{"line":14,"column":6},"end":{"line":14,"column":59}},"8":{"start":{"line":17,"column":4},"end":{"line":24,"column":5}},"9":{"start":{"line":18,"column":22},"end":{"line":20,"column":8}},"10":{"start":{"line":21,"column":6},"end":{"line":21,"column":32}},"11":{"start":{"line":23,"column":6},"end":{"line":23,"column":66}},"12":{"start":{"line":26,"column":4},"end":{"line":26,"column":16}},"13":{"start":{"line":30,"column":26},"end":{"line":30,"column":73}},"14":{"start":{"line":31,"column":4},"end":{"line":31,"column":44}},"15":{"start":{"line":6,"column":13},"end":{"line":6,"column":21}},"16":{"start":{"line":6,"column":13},"end":{"line":33,"column":null}}},"fnMap":{"0":{"name":"(anonymous_2)","decl":{"start":{"line":7,"column":2},"end":{"line":7,"column":22}},"loc":{"start":{"line":7,"column":44},"end":{"line":7,"column":48}}},"1":{"name":"(anonymous_3)","decl":{"start":{"line":9,"column":2},"end":{"line":9,"column":7}},"loc":{"start":{"line":9,"column":45},"end":{"line":27,"column":3}}},"2":{"name":"(anonymous_4)","decl":{"start":{"line":29,"column":10},"end":{"line":29,"column":22}},"loc":{"start":{"line":29,"column":39},"end":{"line":32,"column":3}}}},"branchMap":{"0":{"loc":{"start":{"line":13,"column":4},"end":{"line":15,"column":5}},"type":"if","locations":[{"start":{"line":13,"column":4},"end":{"line":15,"column":5}},{"start":{},"end":{}}]},"1":{"loc":{"start":{"line":19,"column":16},"end":{"line":19,"column":65}},"type":"binary-expr","locations":[{"start":{"line":19,"column":16},"end":{"line":19,"column":38}},{"start":{"line":19,"column":42},"end":{"line":19,"column":65}}]},"2":{"loc":{"start":{"line":30,"column":26},"end":{"line":30,"column":73}},"type":"binary-expr","locations":[{"start":{"line":30,"column":26},"end":{"line":30,"column":67}},{"start":{"line":30,"column":71},"end":{"line":30,"column":73}}]},"3":{"loc":{"start":{"line":31,"column":11},"end":{"line":31,"column":43}},"type":"cond-expr","locations":[{"start":{"line":31,"column":31},"end":{"line":31,"column":36}},{"start":{"line":31,"column":39},"end":{"line":31,"column":43}}]},"4":{"loc":{"start":{"line":7,"column":34},"end":{"line":7,"column":47}},"type":"cond-expr","locations":[{"start":{"line":7,"column":44},"end":{"line":7,"column":47}},{"start":{"line":7,"column":44},"end":{"line":7,"column":47}}]},"5":{"loc":{"start":{"line":7,"column":34},"end":{"line":7,"column":44}},"type":"binary-expr","locations":[{"start":{"line":7,"column":34},"end":{"line":7,"column":47}},{"start":{"line":7,"column":34},"end":{"line":7,"column":44}}]}},"s":{"0":0,"1":0,"2":0,"3":0,"4":0,"5":0,"6":0,"7":0,"8":0,"9":0,"10":0,"11":0,"12":0,"13":0,"14":0,"15":0,"16":0},"f":{"0":0,"1":0,"2":0},"b":{"0":[0,0],"1":[0,0],"2":[0,0],"3":[0,0],"4":[0,0],"5":[0,0]}}
,"/Users/adamshawky/GitHub/event-flow/backend/src/auth/roles.decorator.ts": {"path":"/Users/adamshawky/GitHub/event-flow/backend/src/auth/roles.decorator.ts","statementMap":{"0":{"start":{"line":1,"column":0},"end":{"line":1,"column":45}},"1":{"start":{"line":3,"column":21},"end":{"line":3,"column":72}},"2":{"start":{"line":3,"column":45},"end":{"line":3,"column":72}},"3":{"start":{"line":3,"column":13},"end":{"line":3,"column":21}}},"fnMap":{"0":{"name":"(anonymous_0)","decl":{"start":{"line":3,"column":21},"end":{"line":3,"column":22}},"loc":{"start":{"line":3,"column":45},"end":{"line":3,"column":72}}}},"branchMap":{},"s":{"0":0,"1":0,"2":0,"3":0},"f":{"0":0},"b":{}}
,"/Users/adamshawky/GitHub/event-flow/backend/src/auth/roles.guard.ts": {"path":"/Users/adamshawky/GitHub/event-flow/backend/src/auth/roles.guard.ts","statementMap":{"0":{"start":{"line":1,"column":0},"end":{"line":1,"column":95}},"1":{"start":{"line":2,"column":0},"end":{"line":2,"column":41}},"2":{"start":{"line":5,"column":7},"end":{"line":18,"column":null}},"3":{"start":{"line":6,"column":22},"end":{"line":6,"column":33}},"4":{"start":{"line":9,"column":26},"end":{"line":9,"column":85}},"5":{"start":{"line":10,"column":4},"end":{"line":10,"column":36}},"6":{"start":{"line":10,"column":24},"end":{"line":10,"column":36}},"7":{"start":{"line":12,"column":21},"end":{"line":12,"column":56}},"8":{"start":{"line":13,"column":4},"end":{"line":15,"column":5}},"9":{"start":{"line":14,"column":6},"end":{"line":14,"column":52}},"10":{"start":{"line":16,"column":4},"end":{"line":16,"column":16}},"11":{"start":{"line":5,"column":13},"end":{"line":5,"column":23}},"12":{"start":{"line":5,"column":13},"end":{"line":18,"column":null}}},"fnMap":{"0":{"name":"(anonymous_2)","decl":{"start":{"line":6,"column":2},"end":{"line":6,"column":22}},"loc":{"start":{"line":6,"column":42},"end":{"line":6,"column":46}}},"1":{"name":"(anonymous_3)","decl":{"start":{"line":8,"column":2},"end":{"line":8,"column":13}},"loc":{"start":{"line":8,"column":39},"end":{"line":17,"column":3}}}},"branchMap":{"0":{"loc":{"start":{"line":10,"column":4},"end":{"line":10,"column":36}},"type":"if","locations":[{"start":{"line":10,"column":4},"end":{"line":10,"column":36}},{"start":{},"end":{}}]},"1":{"loc":{"start":{"line":13,"column":4},"end":{"line":15,"column":5}},"type":"if","locations":[{"start":{"line":13,"column":4},"end":{"line":15,"column":5}},{"start":{},"end":{}}]},"2":{"loc":{"start":{"line":6,"column":33},"end":{"line":6,"column":45}},"type":"cond-expr","locations":[{"start":{"line":6,"column":42},"end":{"line":6,"column":45}},{"start":{"line":6,"column":42},"end":{"line":6,"column":45}}]},"3":{"loc":{"start":{"line":6,"column":33},"end":{"line":6,"column":42}},"type":"binary-expr","locations":[{"start":{"line":6,"column":33},"end":{"line":6,"column":45}},{"start":{"line":6,"column":33},"end":{"line":6,"column":42}}]}},"s":{"0":0,"1":0,"2":0,"3":0,"4":0,"5":0,"6":0,"7":0,"8":0,"9":0,"10":0,"11":0,"12":0},"f":{"0":0,"1":0},"b":{"0":[0,0],"1":[0,0],"2":[0,0],"3":[0,0]}}
,"/Users/adamshawky/GitHub/event-flow/backend/src/auth/dto/login.dto.ts": {"path":"/Users/adamshawky/GitHub/event-flow/backend/src/auth/dto/login.dto.ts","statementMap":{"0":{"start":{"line":1,"column":0},"end":{"line":1,"column":13}}},"fnMap":{},"branchMap":{},"s":{"0":0},"f":{},"b":{}}
,"/Users/adamshawky/GitHub/event-flow/backend/src/auth/dto/register.dto.ts": {"path":"/Users/adamshawky/GitHub/event-flow/backend/src/auth/dto/register.dto.ts","statementMap":{"0":{"start":{"line":1,"column":0},"end":{"line":1,"column":13}}},"fnMap":{},"branchMap":{},"s":{"0":0},"f":{},"b":{}}
,"/Users/adamshawky/GitHub/event-flow/backend/src/bookings/bookings.controller.ts": {"path":"/Users/adamshawky/GitHub/event-flow/backend/src/bookings/bookings.controller.ts","statementMap":{"0":{"start":{"line":1,"column":0},"end":{"line":1,"column":null}},"1":{"start":{"line":5,"column":0},"end":{"line":5,"column":53}},"2":{"start":{"line":6,"column":0},"end":{"line":6,"column":60}},"3":{"start":{"line":7,"column":0},"end":{"line":7,"column":45}},"4":{"start":{"line":8,"column":0},"end":{"line":8,"column":49}},"5":{"start":{"line":9,"column":0},"end":{"line":9,"column":48}},"6":{"start":{"line":10,"column":0},"end":{"line":10,"column":53}},"7":{"start":{"line":14,"column":7},"end":{"line":38,"column":null}},"8":{"start":{"line":15,"column":22},"end":{"line":15,"column":39}},"9":{"start":{"line":21,"column":4},"end":{"line":21,"column":54}},"10":{"start":{"line":26,"column":4},"end":{"line":26,"column":57}},"11":{"start":{"line":36,"column":4},"end":{"line":36,"column":69}},"12":{"start":{"line":14,"column":13},"end":{"line":14,"column":31}},"13":{"start":{"line":20,"column":2},"end":{"line":22,"column":null}},"14":{"start":{"line":25,"column":2},"end":{"line":27,"column":null}},"15":{"start":{"line":32,"column":2},"end":{"line":37,"column":null}},"16":{"start":{"line":14,"column":13},"end":{"line":38,"column":null}}},"fnMap":{"0":{"name":"(anonymous_4)","decl":{"start":{"line":15,"column":2},"end":{"line":15,"column":22}},"loc":{"start":{"line":15,"column":54},"end":{"line":15,"column":58}}},"1":{"name":"(anonymous_5)","decl":{"start":{"line":20,"column":2},"end":{"line":20,"column":8}},"loc":{"start":{"line":20,"column":60},"end":{"line":22,"column":3}}},"2":{"name":"(anonymous_6)","decl":{"start":{"line":25,"column":2},"end":{"line":25,"column":16}},"loc":{"start":{"line":25,"column":37},"end":{"line":27,"column":3}}},"3":{"name":"(anonymous_7)","decl":{"start":{"line":32,"column":2},"end":{"line":32,"column":19}},"loc":{"start":{"line":34,"column":24},"end":{"line":37,"column":3}}}},"branchMap":{"0":{"loc":{"start":{"line":20,"column":22},"end":{"line":20,"column":41}},"type":"cond-expr","locations":[{"start":{"line":20,"column":38},"end":{"line":20,"column":41}},{"start":{"line":20,"column":38},"end":{"line":20,"column":41}}]},"1":{"loc":{"start":{"line":20,"column":22},"end":{"line":20,"column":38}},"type":"binary-expr","locations":[{"start":{"line":20,"column":22},"end":{"line":20,"column":41}},{"start":{"line":20,"column":22},"end":{"line":20,"column":38}}]},"2":{"loc":{"start":{"line":15,"column":39},"end":{"line":15,"column":57}},"type":"cond-expr","locations":[{"start":{"line":15,"column":54},"end":{"line":15,"column":57}},{"start":{"line":15,"column":54},"end":{"line":15,"column":57}}]},"3":{"loc":{"start":{"line":15,"column":39},"end":{"line":15,"column":54}},"type":"binary-expr","locations":[{"start":{"line":15,"column":39},"end":{"line":15,"column":57}},{"start":{"line":15,"column":39},"end":{"line":15,"column":54}}]}},"s":{"0":0,"1":0,"2":0,"3":0,"4":0,"5":0,"6":0,"7":0,"8":0,"9":0,"10":0,"11":0,"12":0,"13":0,"14":0,"15":0,"16":0},"f":{"0":0,"1":0,"2":0,"3":0},"b":{"0":[0,0],"1":[0,0],"2":[0,0],"3":[0,0]}}
,"/Users/adamshawky/GitHub/event-flow/backend/src/bookings/bookings.module.ts": {"path":"/Users/adamshawky/GitHub/event-flow/backend/src/bookings/bookings.module.ts","statementMap":{"0":{"start":{"line":1,"column":0},"end":{"line":1,"column":40}},"1":{"start":{"line":2,"column":0},"end":{"line":2,"column":53}},"2":{"start":{"line":3,"column":0},"end":{"line":3,"column":59}},"3":{"start":{"line":9,"column":7},"end":{"line":9,"column":null}},"4":{"start":{"line":9,"column":13},"end":{"line":9,"column":27}},"5":{"start":{"line":9,"column":13},"end":{"line":9,"column":null}}},"fnMap":{},"branchMap":{},"s":{"0":0,"1":0,"2":0,"3":0,"4":0,"5":0},"f":{},"b":{}}
,"/Users/adamshawky/GitHub/event-flow/backend/src/bookings/bookings.service.ts": {"path":"/Users/adamshawky/GitHub/event-flow/backend/src/bookings/bookings.service.ts","statementMap":{"0":{"start":{"line":1,"column":0},"end":{"line":1,"column":null}},"1":{"start":{"line":6,"column":0},"end":{"line":6,"column":57}},"2":{"start":{"line":10,"column":7},"end":{"line":110,"column":null}},"3":{"start":{"line":11,"column":22},"end":{"line":11,"column":30}},"4":{"start":{"line":14,"column":4},"end":{"line":14,"column":63}},"5":{"start":{"line":18,"column":18},"end":{"line":21,"column":6}},"6":{"start":{"line":23,"column":4},"end":{"line":23,"column":63}},"7":{"start":{"line":23,"column":16},"end":{"line":23,"column":63}},"8":{"start":{"line":24,"column":4},"end":{"line":25,"column":74}},"9":{"start":{"line":25,"column":6},"end":{"line":25,"column":74}},"10":{"start":{"line":27,"column":23},"end":{"line":29,"column":6}},"11":{"start":{"line":31,"column":4},"end":{"line":31,"column":74}},"12":{"start":{"line":31,"column":21},"end":{"line":31,"column":74}},"13":{"start":{"line":32,"column":4},"end":{"line":33,"column":81}},"14":{"start":{"line":33,"column":6},"end":{"line":33,"column":81}},"15":{"start":{"line":34,"column":4},"end":{"line":35,"column":68}},"16":{"start":{"line":35,"column":6},"end":{"line":35,"column":68}},"17":{"start":{"line":38,"column":24},"end":{"line":40,"column":53}},"18":{"start":{"line":39,"column":21},"end":{"line":39,"column":45}},"19":{"start":{"line":40,"column":26},"end":{"line":40,"column":49}},"20":{"start":{"line":42,"column":4},"end":{"line":43,"column":63}},"21":{"start":{"line":43,"column":6},"end":{"line":43,"column":63}},"22":{"start":{"line":45,"column":22},"end":{"line":45,"column":60}},"23":{"start":{"line":47,"column":20},"end":{"line":61,"column":6}},"24":{"start":{"line":64,"column":4},"end":{"line":67,"column":7}},"25":{"start":{"line":69,"column":4},"end":{"line":69,"column":19}},"26":{"start":{"line":73,"column":4},"end":{"line":90,"column":7}},"27":{"start":{"line":94,"column":18},"end":{"line":94,"column":80}},"28":{"start":{"line":95,"column":4},"end":{"line":95,"column":63}},"29":{"start":{"line":95,"column":16},"end":{"line":95,"column":63}},"30":{"start":{"line":96,"column":4},"end":{"line":97,"column":54}},"31":{"start":{"line":97,"column":6},"end":{"line":97,"column":54}},"32":{"start":{"line":99,"column":4},"end":{"line":108,"column":7}},"33":{"start":{"line":10,"column":13},"end":{"line":10,"column":28}},"34":{"start":{"line":10,"column":13},"end":{"line":110,"column":null}}},"fnMap":{"0":{"name":"(anonymous_2)","decl":{"start":{"line":11,"column":2},"end":{"line":11,"column":22}},"loc":{"start":{"line":11,"column":43},"end":{"line":11,"column":47}}},"1":{"name":"(anonymous_3)","decl":{"start":{"line":13,"column":10},"end":{"line":13,"column":27}},"loc":{"start":{"line":13,"column":27},"end":{"line":15,"column":3}}},"2":{"name":"(anonymous_4)","decl":{"start":{"line":17,"column":2},"end":{"line":17,"column":7}},"loc":{"start":{"line":17,"column":56},"end":{"line":70,"column":3}}},"3":{"name":"(anonymous_5)","decl":{"start":{"line":39,"column":14},"end":{"line":39,"column":15}},"loc":{"start":{"line":39,"column":21},"end":{"line":39,"column":45}}},"4":{"name":"(anonymous_6)","decl":{"start":{"line":40,"column":14},"end":{"line":40,"column":15}},"loc":{"start":{"line":40,"column":26},"end":{"line":40,"column":49}}},"5":{"name":"(anonymous_7)","decl":{"start":{"line":72,"column":2},"end":{"line":72,"column":7}},"loc":{"start":{"line":72,"column":41},"end":{"line":91,"column":3}}},"6":{"name":"(anonymous_8)","decl":{"start":{"line":93,"column":2},"end":{"line":93,"column":7}},"loc":{"start":{"line":93,"column":62},"end":{"line":109,"column":3}}}},"branchMap":{"0":{"loc":{"start":{"line":23,"column":4},"end":{"line":23,"column":63}},"type":"if","locations":[{"start":{"line":23,"column":4},"end":{"line":23,"column":63}},{"start":{},"end":{}}]},"1":{"loc":{"start":{"line":24,"column":4},"end":{"line":25,"column":74}},"type":"if","locations":[{"start":{"line":24,"column":4},"end":{"line":25,"column":74}},{"start":{},"end":{}}]},"2":{"loc":{"start":{"line":31,"column":4},"end":{"line":31,"column":74}},"type":"if","locations":[{"start":{"line":31,"column":4},"end":{"line":31,"column":74}},{"start":{},"end":{}}]},"3":{"loc":{"start":{"line":32,"column":4},"end":{"line":33,"column":81}},"type":"if","locations":[{"start":{"line":32,"column":4},"end":{"line":33,"column":81}},{"start":{},"end":{}}]},"4":{"loc":{"start":{"line":34,"column":4},"end":{"line":35,"column":68}},"type":"if","locations":[{"start":{"line":34,"column":4},"end":{"line":35,"column":68}},{"start":{},"end":{}}]},"5":{"loc":{"start":{"line":42,"column":4},"end":{"line":43,"column":63}},"type":"if","locations":[{"start":{"line":42,"column":4},"end":{"line":43,"column":63}},{"start":{},"end":{}}]},"6":{"loc":{"start":{"line":95,"column":4},"end":{"line":95,"column":63}},"type":"if","locations":[{"start":{"line":95,"column":4},"end":{"line":95,"column":63}},{"start":{},"end":{}}]},"7":{"loc":{"start":{"line":96,"column":4},"end":{"line":97,"column":54}},"type":"if","locations":[{"start":{"line":96,"column":4},"end":{"line":97,"column":54}},{"start":{},"end":{}}]},"8":{"loc":{"start":{"line":11,"column":30},"end":{"line":11,"column":46}},"type":"cond-expr","locations":[{"start":{"line":11,"column":43},"end":{"line":11,"column":46}},{"start":{"line":11,"column":43},"end":{"line":11,"column":46}}]},"9":{"loc":{"start":{"line":11,"column":30},"end":{"line":11,"column":43}},"type":"binary-expr","locations":[{"start":{"line":11,"column":30},"end":{"line":11,"column":46}},{"start":{"line":11,"column":30},"end":{"line":11,"column":43}}]}},"s":{"0":1,"1":1,"2":1,"3":13,"4":3,"5":9,"6":9,"7":1,"8":8,"9":1,"10":7,"11":7,"12":1,"13":6,"14":1,"15":5,"16":1,"17":4,"18":2,"19":1,"20":4,"21":1,"22":3,"23":3,"24":3,"25":3,"26":1,"27":3,"28":3,"29":1,"30":2,"31":1,"32":1,"33":1,"34":1},"f":{"0":13,"1":3,"2":9,"3":2,"4":1,"5":1,"6":3},"b":{"0":[1,8],"1":[1,7],"2":[1,6],"3":[1,5],"4":[1,4],"5":[1,3],"6":[1,2],"7":[1,1],"8":[1,0],"9":[1,1]}}
,"/Users/adamshawky/GitHub/event-flow/backend/src/bookings/dto/create-booking.dto.ts": {"path":"/Users/adamshawky/GitHub/event-flow/backend/src/bookings/dto/create-booking.dto.ts","statementMap":{"0":{"start":{"line":1,"column":0},"end":{"line":1,"column":13}}},"fnMap":{},"branchMap":{},"s":{"0":0},"f":{},"b":{}}
,"/Users/adamshawky/GitHub/event-flow/backend/src/events/events-photos.controller.ts": {"path":"/Users/adamshawky/GitHub/event-flow/backend/src/events/events-photos.controller.ts","statementMap":{"0":{"start":{"line":1,"column":0},"end":{"line":1,"column":null}},"1":{"start":{"line":6,"column":0},"end":{"line":6,"column":59}},"2":{"start":{"line":7,"column":0},"end":{"line":7,"column":37}},"3":{"start":{"line":8,"column":0},"end":{"line":8,"column":31}},"4":{"start":{"line":9,"column":0},"end":{"line":9,"column":45}},"5":{"start":{"line":10,"column":0},"end":{"line":10,"column":49}},"6":{"start":{"line":11,"column":0},"end":{"line":11,"column":48}},"7":{"start":{"line":12,"column":0},"end":{"line":12,"column":53}},"8":{"start":{"line":13,"column":0},"end":{"line":13,"column":57}},"9":{"start":{"line":18,"column":7},"end":{"line":69,"column":null}},"10":{"start":{"line":19,"column":22},"end":{"line":19,"column":30}},"11":{"start":{"line":45,"column":18},"end":{"line":45,"column":71}},"12":{"start":{"line":46,"column":4},"end":{"line":46,"column":65}},"13":{"start":{"line":46,"column":16},"end":{"line":46,"column":65}},"14":{"start":{"line":47,"column":4},"end":{"line":48,"column":54}},"15":{"start":{"line":48,"column":6},"end":{"line":48,"column":54}},"16":{"start":{"line":49,"column":4},"end":{"line":49,"column":65}},"17":{"start":{"line":49,"column":15},"end":{"line":49,"column":65}},"18":{"start":{"line":51,"column":4},"end":{"line":53,"column":7}},"19":{"start":{"line":62,"column":18},"end":{"line":62,"column":71}},"20":{"start":{"line":63,"column":4},"end":{"line":63,"column":65}},"21":{"start":{"line":63,"column":16},"end":{"line":63,"column":65}},"22":{"start":{"line":64,"column":4},"end":{"line":65,"column":54}},"23":{"start":{"line":65,"column":6},"end":{"line":65,"column":54}},"24":{"start":{"line":67,"column":4},"end":{"line":67,"column":69}},"25":{"start":{"line":18,"column":13},"end":{"line":18,"column":34}},"26":{"start":{"line":40,"column":8},"end":{"line":54,"column":null}},"27":{"start":{"line":27,"column":31},"end":{"line":27,"column":81}},"28":{"start":{"line":28,"column":10},"end":{"line":28,"column":62}},"29":{"start":{"line":32,"column":8},"end":{"line":34,"column":9}},"30":{"start":{"line":33,"column":10},"end":{"line":33,"column":84}},"31":{"start":{"line":35,"column":8},"end":{"line":35,"column":23}},"32":{"start":{"line":57,"column":8},"end":{"line":68,"column":null}},"33":{"start":{"line":18,"column":13},"end":{"line":69,"column":null}}},"fnMap":{"0":{"name":"(anonymous_4)","decl":{"start":{"line":19,"column":2},"end":{"line":19,"column":22}},"loc":{"start":{"line":19,"column":43},"end":{"line":19,"column":47}}},"1":{"name":"(anonymous_5)","decl":{"start":{"line":40,"column":8},"end":{"line":40,"column":19}},"loc":{"start":{"line":43,"column":24},"end":{"line":54,"column":3}}},"2":{"name":"(anonymous_6)","decl":{"start":{"line":57,"column":8},"end":{"line":57,"column":19}},"loc":{"start":{"line":60,"column":24},"end":{"line":68,"column":3}}},"3":{"name":"(anonymous_7)","decl":{"start":{"line":26,"column":18},"end":{"line":26,"column":19}},"loc":{"start":{"line":26,"column":36},"end":{"line":29,"column":9}}},"4":{"name":"(anonymous_8)","decl":{"start":{"line":31,"column":18},"end":{"line":31,"column":19}},"loc":{"start":{"line":31,"column":36},"end":{"line":36,"column":7}}}},"branchMap":{"0":{"loc":{"start":{"line":46,"column":4},"end":{"line":46,"column":65}},"type":"if","locations":[{"start":{"line":46,"column":4},"end":{"line":46,"column":65}},{"start":{},"end":{}}]},"1":{"loc":{"start":{"line":47,"column":4},"end":{"line":48,"column":54}},"type":"if","locations":[{"start":{"line":47,"column":4},"end":{"line":48,"column":54}},{"start":{},"end":{}}]},"2":{"loc":{"start":{"line":49,"column":4},"end":{"line":49,"column":65}},"type":"if","locations":[{"start":{"line":49,"column":4},"end":{"line":49,"column":65}},{"start":{},"end":{}}]},"3":{"loc":{"start":{"line":63,"column":4},"end":{"line":63,"column":65}},"type":"if","locations":[{"start":{"line":63,"column":4},"end":{"line":63,"column":65}},{"start":{},"end":{}}]},"4":{"loc":{"start":{"line":64,"column":4},"end":{"line":65,"column":54}},"type":"if","locations":[{"start":{"line":64,"column":4},"end":{"line":65,"column":54}},{"start":{},"end":{}}]},"5":{"loc":{"start":{"line":32,"column":8},"end":{"line":34,"column":9}},"type":"if","locations":[{"start":{"line":32,"column":8},"end":{"line":34,"column":9}},{"start":{},"end":{}}]},"6":{"loc":{"start":{"line":42,"column":26},"end":{"line":42,"column":null}},"type":"cond-expr","locations":[{"start":{"line":42,"column":45},"end":{"line":42,"column":null}},{"start":{"line":42,"column":45},"end":{"line":42,"column":null}}]},"7":{"loc":{"start":{"line":42,"column":26},"end":{"line":42,"column":45}},"type":"binary-expr","locations":[{"start":{"line":42,"column":26},"end":{"line":42,"column":34}},{"start":{"line":42,"column":33},"end":{"line":42,"column":41}},{"start":{"line":42,"column":40},"end":{"line":42,"column":45}}]},"8":{"loc":{"start":{"line":19,"column":30},"end":{"line":19,"column":46}},"type":"cond-expr","locations":[{"start":{"line":19,"column":43},"end":{"line":19,"column":46}},{"start":{"line":19,"column":43},"end":{"line":19,"column":46}}]},"9":{"loc":{"start":{"line":19,"column":30},"end":{"line":19,"column":43}},"type":"binary-expr","locations":[{"start":{"line":19,"column":30},"end":{"line":19,"column":46}},{"start":{"line":19,"column":30},"end":{"line":19,"column":43}}]}},"s":{"0":0,"1":0,"2":0,"3":0,"4":0,"5":0,"6":0,"7":0,"8":0,"9":0,"10":0,"11":0,"12":0,"13":0,"14":0,"15":0,"16":0,"17":0,"18":0,"19":0,"20":0,"21":0,"22":0,"23":0,"24":0,"25":0,"26":0,"27":0,"28":0,"29":0,"30":0,"31":0,"32":0,"33":0},"f":{"0":0,"1":0,"2":0,"3":0,"4":0},"b":{"0":[0,0],"1":[0,0],"2":[0,0],"3":[0,0],"4":[0,0],"5":[0,0],"6":[0,0],"7":[0,0,0],"8":[0,0],"9":[0,0]}}
,"/Users/adamshawky/GitHub/event-flow/backend/src/events/events.controller.ts": {"path":"/Users/adamshawky/GitHub/event-flow/backend/src/events/events.controller.ts","statementMap":{"0":{"start":{"line":1,"column":0},"end":{"line":1,"column":null}},"1":{"start":{"line":5,"column":0},"end":{"line":5,"column":49}},"2":{"start":{"line":6,"column":0},"end":{"line":6,"column":56}},"3":{"start":{"line":7,"column":0},"end":{"line":7,"column":56}},"4":{"start":{"line":8,"column":0},"end":{"line":8,"column":45}},"5":{"start":{"line":9,"column":0},"end":{"line":9,"column":49}},"6":{"start":{"line":10,"column":0},"end":{"line":10,"column":48}},"7":{"start":{"line":11,"column":0},"end":{"line":11,"column":53}},"8":{"start":{"line":14,"column":7},"end":{"line":80,"column":null}},"9":{"start":{"line":15,"column":22},"end":{"line":15,"column":37}},"10":{"start":{"line":19,"column":4},"end":{"line":19,"column":45}},"11":{"start":{"line":26,"column":4},"end":{"line":26,"column":53}},"12":{"start":{"line":31,"column":4},"end":{"line":31,"column":42}},"13":{"start":{"line":38,"column":4},"end":{"line":38,"column":52}},"14":{"start":{"line":49,"column":4},"end":{"line":49,"column":56}},"15":{"start":{"line":56,"column":4},"end":{"line":56,"column":52}},"16":{"start":{"line":63,"column":4},"end":{"line":63,"column":51}},"17":{"start":{"line":70,"column":4},"end":{"line":70,"column":51}},"18":{"start":{"line":78,"column":2},"end":{"line":78,"column":53}},"19":{"start":{"line":14,"column":13},"end":{"line":14,"column":29}},"20":{"start":{"line":18,"column":2},"end":{"line":20,"column":null}},"21":{"start":{"line":25,"column":2},"end":{"line":27,"column":null}},"22":{"start":{"line":30,"column":2},"end":{"line":32,"column":null}},"23":{"start":{"line":37,"column":2},"end":{"line":39,"column":null}},"24":{"start":{"line":44,"column":2},"end":{"line":50,"column":null}},"25":{"start":{"line":55,"column":2},"end":{"line":57,"column":null}},"26":{"start":{"line":62,"column":2},"end":{"line":64,"column":null}},"27":{"start":{"line":69,"column":2},"end":{"line":71,"column":null}},"28":{"start":{"line":74,"column":6},"end":{"line":79,"column":null}},"29":{"start":{"line":14,"column":13},"end":{"line":80,"column":null}}},"fnMap":{"0":{"name":"(anonymous_4)","decl":{"start":{"line":15,"column":2},"end":{"line":15,"column":22}},"loc":{"start":{"line":15,"column":50},"end":{"line":15,"column":54}}},"1":{"name":"(anonymous_5)","decl":{"start":{"line":18,"column":2},"end":{"line":18,"column":9}},"loc":{"start":{"line":18,"column":29},"end":{"line":20,"column":3}}},"2":{"name":"(anonymous_6)","decl":{"start":{"line":25,"column":2},"end":{"line":25,"column":14}},"loc":{"start":{"line":25,"column":35},"end":{"line":27,"column":3}}},"3":{"name":"(anonymous_7)","decl":{"start":{"line":30,"column":2},"end":{"line":30,"column":9}},"loc":{"start":{"line":30,"column":47},"end":{"line":32,"column":3}}},"4":{"name":"(anonymous_8)","decl":{"start":{"line":37,"column":2},"end":{"line":37,"column":8}},"loc":{"start":{"line":37,"column":58},"end":{"line":39,"column":3}}},"5":{"name":"(anonymous_9)","decl":{"start":{"line":44,"column":2},"end":{"line":44,"column":8}},"loc":{"start":{"line":47,"column":24},"end":{"line":50,"column":3}}},"6":{"name":"(anonymous_10)","decl":{"start":{"line":55,"column":2},"end":{"line":55,"column":9}},"loc":{"start":{"line":55,"column":69},"end":{"line":57,"column":3}}},"7":{"name":"(anonymous_11)","decl":{"start":{"line":62,"column":2},"end":{"line":62,"column":8}},"loc":{"start":{"line":62,"column":68},"end":{"line":64,"column":3}}},"8":{"name":"(anonymous_12)","decl":{"start":{"line":69,"column":2},"end":{"line":69,"column":8}},"loc":{"start":{"line":69,"column":68},"end":{"line":71,"column":3}}},"9":{"name":"(anonymous_13)","decl":{"start":{"line":74,"column":6},"end":{"line":74,"column":16}},"loc":{"start":{"line":76,"column":22},"end":{"line":79,"column":1}}}},"branchMap":{"0":{"loc":{"start":{"line":37,"column":22},"end":{"line":37,"column":39}},"type":"cond-expr","locations":[{"start":{"line":37,"column":36},"end":{"line":37,"column":39}},{"start":{"line":37,"column":36},"end":{"line":37,"column":39}}]},"1":{"loc":{"start":{"line":37,"column":22},"end":{"line":37,"column":36}},"type":"binary-expr","locations":[{"start":{"line":37,"column":22},"end":{"line":37,"column":39}},{"start":{"line":37,"column":22},"end":{"line":37,"column":36}}]},"2":{"loc":{"start":{"line":46,"column":17},"end":{"line":46,"column":null}},"type":"cond-expr","locations":[{"start":{"line":46,"column":31},"end":{"line":46,"column":null}},{"start":{"line":46,"column":31},"end":{"line":46,"column":null}}]},"3":{"loc":{"start":{"line":46,"column":17},"end":{"line":46,"column":31}},"type":"binary-expr","locations":[{"start":{"line":46,"column":17},"end":{"line":46,"column":null}},{"start":{"line":46,"column":17},"end":{"line":46,"column":31}}]},"4":{"loc":{"start":{"line":15,"column":37},"end":{"line":15,"column":53}},"type":"cond-expr","locations":[{"start":{"line":15,"column":50},"end":{"line":15,"column":53}},{"start":{"line":15,"column":50},"end":{"line":15,"column":53}}]},"5":{"loc":{"start":{"line":15,"column":37},"end":{"line":15,"column":50}},"type":"binary-expr","locations":[{"start":{"line":15,"column":37},"end":{"line":15,"column":53}},{"start":{"line":15,"column":37},"end":{"line":15,"column":50}}]}},"s":{"0":0,"1":0,"2":0,"3":0,"4":0,"5":0,"6":0,"7":0,"8":0,"9":0,"10":0,"11":0,"12":0,"13":0,"14":0,"15":0,"16":0,"17":0,"18":0,"19":0,"20":0,"21":0,"22":0,"23":0,"24":0,"25":0,"26":0,"27":0,"28":0,"29":0},"f":{"0":0,"1":0,"2":0,"3":0,"4":0,"5":0,"6":0,"7":0,"8":0,"9":0},"b":{"0":[0,0],"1":[0,0],"2":[0,0],"3":[0,0],"4":[0,0],"5":[0,0]}}
,"/Users/adamshawky/GitHub/event-flow/backend/src/events/events.module.ts": {"path":"/Users/adamshawky/GitHub/event-flow/backend/src/events/events.module.ts","statementMap":{"0":{"start":{"line":1,"column":0},"end":{"line":1,"column":40}},"1":{"start":{"line":2,"column":0},"end":{"line":2,"column":56}},"2":{"start":{"line":3,"column":0},"end":{"line":3,"column":49}},"3":{"start":{"line":4,"column":0},"end":{"line":4,"column":55}},"4":{"start":{"line":5,"column":0},"end":{"line":5,"column":67}},"5":{"start":{"line":14,"column":7},"end":{"line":14,"column":null}},"6":{"start":{"line":14,"column":13},"end":{"line":14,"column":25}},"7":{"start":{"line":14,"column":13},"end":{"line":14,"column":null}}},"fnMap":{},"branchMap":{},"s":{"0":0,"1":0,"2":0,"3":0,"4":0,"5":0,"6":0,"7":0},"f":{},"b":{}}
,"/Users/adamshawky/GitHub/event-flow/backend/src/events/events.service.ts": {"path":"/Users/adamshawky/GitHub/event-flow/backend/src/events/events.service.ts","statementMap":{"0":{"start":{"line":1,"column":0},"end":{"line":1,"column":null}},"1":{"start":{"line":7,"column":0},"end":{"line":7,"column":57}},"2":{"start":{"line":12,"column":7},"end":{"line":294,"column":null}},"3":{"start":{"line":13,"column":22},"end":{"line":13,"column":30}},"4":{"start":{"line":16,"column":4},"end":{"line":16,"column":29}},"5":{"start":{"line":20,"column":4},"end":{"line":20,"column":63}},"6":{"start":{"line":25,"column":25},"end":{"line":25,"column":80}},"7":{"start":{"line":25,"column":60},"end":{"line":25,"column":76}},"8":{"start":{"line":26,"column":4},"end":{"line":30,"column":5}},"9":{"start":{"line":27,"column":6},"end":{"line":29,"column":8}},"10":{"start":{"line":33,"column":24},"end":{"line":41,"column":null}},"11":{"start":{"line":35,"column":25},"end":{"line":39,"column":10}},"12":{"start":{"line":40,"column":8},"end":{"line":40,"column":27}},"13":{"start":{"line":44,"column":18},"end":{"line":79,"column":6}},"14":{"start":{"line":62,"column":51},"end":{"line":62,"column":65}},"15":{"start":{"line":65,"column":46},"end":{"line":71,"column":12}},"16":{"start":{"line":81,"column":4},"end":{"line":81,"column":17}},"17":{"start":{"line":96,"column":8},"end":{"line":96,"column":13}},"18":{"start":{"line":98,"column":23},"end":{"line":100,"column":6}},"19":{"start":{"line":102,"column":4},"end":{"line":104,"column":5}},"20":{"start":{"line":103,"column":6},"end":{"line":103,"column":61}},"21":{"start":{"line":106,"column":4},"end":{"line":108,"column":5}},"22":{"start":{"line":107,"column":6},"end":{"line":107,"column":73}},"23":{"start":{"line":110,"column":4},"end":{"line":112,"column":5}},"24":{"start":{"line":111,"column":6},"end":{"line":111,"column":59}},"25":{"start":{"line":114,"column":4},"end":{"line":118,"column":5}},"26":{"start":{"line":115,"column":6},"end":{"line":115,"column":31}},"27":{"start":{"line":116,"column":6},"end":{"line":116,"column":67}},"28":{"start":{"line":116,"column":21},"end":{"line":116,"column":67}},"29":{"start":{"line":117,"column":6},"end":{"line":117,"column":63}},"30":{"start":{"line":117,"column":19},"end":{"line":117,"column":63}},"31":{"start":{"line":120,"column":4},"end":{"line":128,"column":5}},"32":{"start":{"line":121,"column":6},"end":{"line":127,"column":8}},"33":{"start":{"line":130,"column":4},"end":{"line":139,"column":5}},"34":{"start":{"line":131,"column":6},"end":{"line":138,"column":8}},"35":{"start":{"line":141,"column":17},"end":{"line":141,"column":51}},"36":{"start":{"line":142,"column":18},"end":{"line":142,"column":58}},"37":{"start":{"line":144,"column":19},"end":{"line":157,"column":6}},"38":{"start":{"line":159,"column":4},"end":{"line":164,"column":6}},"39":{"start":{"line":168,"column":18},"end":{"line":186,"column":6}},"40":{"start":{"line":188,"column":4},"end":{"line":188,"column":63}},"41":{"start":{"line":188,"column":16},"end":{"line":188,"column":63}},"42":{"start":{"line":189,"column":4},"end":{"line":189,"column":17}},"43":{"start":{"line":193,"column":4},"end":{"line":202,"column":7}},"44":{"start":{"line":206,"column":18},"end":{"line":206,"column":71}},"45":{"start":{"line":207,"column":4},"end":{"line":207,"column":63}},"46":{"start":{"line":207,"column":16},"end":{"line":207,"column":63}},"47":{"start":{"line":208,"column":4},"end":{"line":209,"column":53}},"48":{"start":{"line":209,"column":6},"end":{"line":209,"column":53}},"49":{"start":{"line":210,"column":4},"end":{"line":211,"column":74}},"50":{"start":{"line":211,"column":6},"end":{"line":211,"column":74}},"51":{"start":{"line":213,"column":4},"end":{"line":216,"column":7}},"52":{"start":{"line":220,"column":18},"end":{"line":220,"column":71}},"53":{"start":{"line":221,"column":4},"end":{"line":221,"column":63}},"54":{"start":{"line":221,"column":16},"end":{"line":221,"column":63}},"55":{"start":{"line":222,"column":4},"end":{"line":223,"column":53}},"56":{"start":{"line":223,"column":6},"end":{"line":223,"column":53}},"57":{"start":{"line":224,"column":4},"end":{"line":225,"column":71}},"58":{"start":{"line":225,"column":6},"end":{"line":225,"column":71}},"59":{"start":{"line":227,"column":4},"end":{"line":243,"column":7}},"60":{"start":{"line":247,"column":18},"end":{"line":247,"column":71}},"61":{"start":{"line":248,"column":4},"end":{"line":248,"column":63}},"62":{"start":{"line":248,"column":16},"end":{"line":248,"column":63}},"63":{"start":{"line":249,"column":4},"end":{"line":250,"column":53}},"64":{"start":{"line":250,"column":6},"end":{"line":250,"column":53}},"65":{"start":{"line":251,"column":4},"end":{"line":252,"column":78}},"66":{"start":{"line":252,"column":6},"end":{"line":252,"column":78}},"67":{"start":{"line":254,"column":4},"end":{"line":257,"column":7}},"68":{"start":{"line":261,"column":18},"end":{"line":264,"column":6}},"69":{"start":{"line":265,"column":4},"end":{"line":265,"column":63}},"70":{"start":{"line":265,"column":16},"end":{"line":265,"column":63}},"71":{"start":{"line":266,"column":4},"end":{"line":267,"column":53}},"72":{"start":{"line":267,"column":6},"end":{"line":267,"column":53}},"73":{"start":{"line":268,"column":4},"end":{"line":271,"column":8}},"74":{"start":{"line":269,"column":6},"end":{"line":271,"column":8}},"75":{"start":{"line":272,"column":4},"end":{"line":273,"column":71}},"76":{"start":{"line":273,"column":6},"end":{"line":273,"column":71}},"77":{"start":{"line":275,"column":4},"end":{"line":275,"column":55}},"78":{"start":{"line":280,"column":19},"end":{"line":286,"column":4}},"79":{"start":{"line":287,"column":2},"end":{"line":291,"column":3}},"80":{"start":{"line":288,"column":4},"end":{"line":290,"column":7}},"81":{"start":{"line":292,"column":2},"end":{"line":292,"column":28}},"82":{"start":{"line":12,"column":13},"end":{"line":12,"column":26}},"83":{"start":{"line":12,"column":13},"end":{"line":294,"column":null}}},"fnMap":{"0":{"name":"(anonymous_2)","decl":{"start":{"line":13,"column":2},"end":{"line":13,"column":22}},"loc":{"start":{"line":13,"column":43},"end":{"line":13,"column":47}}},"1":{"name":"(anonymous_3)","decl":{"start":{"line":15,"column":10},"end":{"line":15,"column":25}},"loc":{"start":{"line":15,"column":25},"end":{"line":17,"column":3}}},"2":{"name":"(anonymous_4)","decl":{"start":{"line":19,"column":10},"end":{"line":19,"column":26}},"loc":{"start":{"line":19,"column":26},"end":{"line":21,"column":3}}},"3":{"name":"(anonymous_5)","decl":{"start":{"line":23,"column":2},"end":{"line":23,"column":7}},"loc":{"start":{"line":23,"column":55},"end":{"line":82,"column":3}}},"4":{"name":"(anonymous_6)","decl":{"start":{"line":25,"column":48},"end":{"line":25,"column":49}},"loc":{"start":{"line":25,"column":60},"end":{"line":25,"column":76}}},"5":{"name":"(anonymous_7)","decl":{"start":{"line":34,"column":25},"end":{"line":34,"column":30}},"loc":{"start":{"line":34,"column":40},"end":{"line":41,"column":7}}},"6":{"name":"(anonymous_8)","decl":{"start":{"line":62,"column":34},"end":{"line":62,"column":35}},"loc":{"start":{"line":62,"column":51},"end":{"line":62,"column":65}}},"7":{"name":"(anonymous_9)","decl":{"start":{"line":65,"column":38},"end":{"line":65,"column":39}},"loc":{"start":{"line":65,"column":46},"end":{"line":71,"column":12}}},"8":{"name":"(anonymous_10)","decl":{"start":{"line":84,"column":2},"end":{"line":84,"column":7}},"loc":{"start":{"line":84,"column":26},"end":{"line":165,"column":3}}},"9":{"name":"(anonymous_11)","decl":{"start":{"line":167,"column":2},"end":{"line":167,"column":7}},"loc":{"start":{"line":167,"column":26},"end":{"line":190,"column":3}}},"10":{"name":"(anonymous_12)","decl":{"start":{"line":192,"column":2},"end":{"line":192,"column":7}},"loc":{"start":{"line":192,"column":40},"end":{"line":203,"column":3}}},"11":{"name":"(anonymous_13)","decl":{"start":{"line":205,"column":2},"end":{"line":205,"column":7}},"loc":{"start":{"line":205,"column":47},"end":{"line":217,"column":3}}},"12":{"name":"(anonymous_14)","decl":{"start":{"line":219,"column":2},"end":{"line":219,"column":7}},"loc":{"start":{"line":219,"column":67},"end":{"line":244,"column":3}}},"13":{"name":"(anonymous_15)","decl":{"start":{"line":246,"column":2},"end":{"line":246,"column":7}},"loc":{"start":{"line":246,"column":46},"end":{"line":258,"column":3}}},"14":{"name":"(anonymous_16)","decl":{"start":{"line":260,"column":2},"end":{"line":260,"column":7}},"loc":{"start":{"line":260,"column":46},"end":{"line":276,"column":3}}},"15":{"name":"(anonymous_17)","decl":{"start":{"line":278,"column":2},"end":{"line":278,"column":7}},"loc":{"start":{"line":278,"column":50},"end":{"line":293,"column":1}}}},"branchMap":{"0":{"loc":{"start":{"line":26,"column":4},"end":{"line":30,"column":5}},"type":"if","locations":[{"start":{"line":26,"column":4},"end":{"line":30,"column":5}},{"start":{},"end":{}}]},"1":{"loc":{"start":{"line":94,"column":6},"end":{"line":94,"column":14}},"type":"default-arg","locations":[{"start":{"line":94,"column":13},"end":{"line":94,"column":14}}]},"2":{"loc":{"start":{"line":95,"column":6},"end":{"line":95,"column":16}},"type":"default-arg","locations":[{"start":{"line":95,"column":14},"end":{"line":95,"column":16}}]},"3":{"loc":{"start":{"line":102,"column":4},"end":{"line":104,"column":5}},"type":"if","locations":[{"start":{"line":102,"column":4},"end":{"line":104,"column":5}},{"start":{},"end":{}}]},"4":{"loc":{"start":{"line":106,"column":4},"end":{"line":108,"column":5}},"type":"if","locations":[{"start":{"line":106,"column":4},"end":{"line":108,"column":5}},{"start":{},"end":{}}]},"5":{"loc":{"start":{"line":110,"column":4},"end":{"line":112,"column":5}},"type":"if","locations":[{"start":{"line":110,"column":4},"end":{"line":112,"column":5}},{"start":{},"end":{}}]},"6":{"loc":{"start":{"line":114,"column":4},"end":{"line":118,"column":5}},"type":"if","locations":[{"start":{"line":114,"column":4},"end":{"line":118,"column":5}},{"start":{},"end":{}}]},"7":{"loc":{"start":{"line":114,"column":8},"end":{"line":114,"column":28}},"type":"binary-expr","locations":[{"start":{"line":114,"column":8},"end":{"line":114,"column":17}},{"start":{"line":114,"column":21},"end":{"line":114,"column":28}}]},"8":{"loc":{"start":{"line":116,"column":6},"end":{"line":116,"column":67}},"type":"if","locations":[{"start":{"line":116,"column":6},"end":{"line":116,"column":67}},{"start":{},"end":{}}]},"9":{"loc":{"start":{"line":117,"column":6},"end":{"line":117,"column":63}},"type":"if","locations":[{"start":{"line":117,"column":6},"end":{"line":117,"column":63}},{"start":{},"end":{}}]},"10":{"loc":{"start":{"line":120,"column":4},"end":{"line":128,"column":5}},"type":"if","locations":[{"start":{"line":120,"column":4},"end":{"line":128,"column":5}},{"start":{},"end":{}}]},"11":{"loc":{"start":{"line":130,"column":4},"end":{"line":139,"column":5}},"type":"if","locations":[{"start":{"line":130,"column":4},"end":{"line":139,"column":5}},{"start":{},"end":{}}]},"12":{"loc":{"start":{"line":130,"column":8},"end":{"line":130,"column":28}},"type":"binary-expr","locations":[{"start":{"line":130,"column":8},"end":{"line":130,"column":16}},{"start":{"line":130,"column":20},"end":{"line":130,"column":28}}]},"13":{"loc":{"start":{"line":134,"column":16},"end":{"line":134,"column":53}},"type":"binary-expr","locations":[{"start":{"line":134,"column":16},"end":{"line":134,"column":24}},{"start":{"line":134,"column":28},"end":{"line":134,"column":53}}]},"14":{"loc":{"start":{"line":135,"column":16},"end":{"line":135,"column":53}},"type":"binary-expr","locations":[{"start":{"line":135,"column":16},"end":{"line":135,"column":24}},{"start":{"line":135,"column":28},"end":{"line":135,"column":53}}]},"15":{"loc":{"start":{"line":188,"column":4},"end":{"line":188,"column":63}},"type":"if","locations":[{"start":{"line":188,"column":4},"end":{"line":188,"column":63}},{"start":{},"end":{}}]},"16":{"loc":{"start":{"line":207,"column":4},"end":{"line":207,"column":63}},"type":"if","locations":[{"start":{"line":207,"column":4},"end":{"line":207,"column":63}},{"start":{},"end":{}}]},"17":{"loc":{"start":{"line":208,"column":4},"end":{"line":209,"column":53}},"type":"if","locations":[{"start":{"line":208,"column":4},"end":{"line":209,"column":53}},{"start":{},"end":{}}]},"18":{"loc":{"start":{"line":210,"column":4},"end":{"line":211,"column":74}},"type":"if","locations":[{"start":{"line":210,"column":4},"end":{"line":211,"column":74}},{"start":{},"end":{}}]},"19":{"loc":{"start":{"line":221,"column":4},"end":{"line":221,"column":63}},"type":"if","locations":[{"start":{"line":221,"column":4},"end":{"line":221,"column":63}},{"start":{},"end":{}}]},"20":{"loc":{"start":{"line":222,"column":4},"end":{"line":223,"column":53}},"type":"if","locations":[{"start":{"line":222,"column":4},"end":{"line":223,"column":53}},{"start":{},"end":{}}]},"21":{"loc":{"start":{"line":224,"column":4},"end":{"line":225,"column":71}},"type":"if","locations":[{"start":{"line":224,"column":4},"end":{"line":225,"column":71}},{"start":{},"end":{}}]},"22":{"loc":{"start":{"line":230,"column":12},"end":{"line":230,"column":45}},"type":"binary-expr","locations":[{"start":{"line":230,"column":12},"end":{"line":230,"column":21}},{"start":{"line":230,"column":25},"end":{"line":230,"column":45}}]},"23":{"loc":{"start":{"line":231,"column":12},"end":{"line":231,"column":57}},"type":"binary-expr","locations":[{"start":{"line":231,"column":12},"end":{"line":231,"column":25}},{"start":{"line":231,"column":29},"end":{"line":231,"column":57}}]},"24":{"loc":{"start":{"line":232,"column":12},"end":{"line":232,"column":45}},"type":"binary-expr","locations":[{"start":{"line":232,"column":12},"end":{"line":232,"column":21}},{"start":{"line":232,"column":25},"end":{"line":232,"column":45}}]},"25":{"loc":{"start":{"line":233,"column":12},"end":{"line":233,"column":51}},"type":"binary-expr","locations":[{"start":{"line":233,"column":12},"end":{"line":233,"column":23}},{"start":{"line":233,"column":27},"end":{"line":233,"column":51}}]},"26":{"loc":{"start":{"line":234,"column":12},"end":{"line":234,"column":42}},"type":"binary-expr","locations":[{"start":{"line":234,"column":12},"end":{"line":234,"column":20}},{"start":{"line":234,"column":24},"end":{"line":234,"column":42}}]},"27":{"loc":{"start":{"line":235,"column":12},"end":{"line":235,"column":51}},"type":"binary-expr","locations":[{"start":{"line":235,"column":12},"end":{"line":235,"column":23}},{"start":{"line":235,"column":27},"end":{"line":235,"column":51}}]},"28":{"loc":{"start":{"line":236,"column":12},"end":{"line":236,"column":62}},"type":"binary-expr","locations":[{"start":{"line":236,"column":12},"end":{"line":236,"column":36}},{"start":{"line":236,"column":40},"end":{"line":236,"column":62}}]},"29":{"loc":{"start":{"line":237,"column":12},"end":{"line":237,"column":62}},"type":"binary-expr","locations":[{"start":{"line":237,"column":12},"end":{"line":237,"column":36}},{"start":{"line":237,"column":40},"end":{"line":237,"column":62}}]},"30":{"loc":{"start":{"line":238,"column":12},"end":{"line":238,"column":79}},"type":"binary-expr","locations":[{"start":{"line":238,"column":12},"end":{"line":238,"column":29}},{"start":{"line":238,"column":33},"end":{"line":238,"column":79}}]},"31":{"loc":{"start":{"line":239,"column":12},"end":{"line":239,"column":73}},"type":"binary-expr","locations":[{"start":{"line":239,"column":12},"end":{"line":239,"column":27}},{"start":{"line":239,"column":31},"end":{"line":239,"column":73}}]},"32":{"loc":{"start":{"line":240,"column":12},"end":{"line":240,"column":54}},"type":"binary-expr","locations":[{"start":{"line":240,"column":12},"end":{"line":240,"column":24}},{"start":{"line":240,"column":28},"end":{"line":240,"column":54}}]},"33":{"loc":{"start":{"line":241,"column":12},"end":{"line":241,"column":63}},"type":"binary-expr","locations":[{"start":{"line":241,"column":12},"end":{"line":241,"column":27}},{"start":{"line":241,"column":31},"end":{"line":241,"column":63}}]},"34":{"loc":{"start":{"line":248,"column":4},"end":{"line":248,"column":63}},"type":"if","locations":[{"start":{"line":248,"column":4},"end":{"line":248,"column":63}},{"start":{},"end":{}}]},"35":{"loc":{"start":{"line":249,"column":4},"end":{"line":250,"column":53}},"type":"if","locations":[{"start":{"line":249,"column":4},"end":{"line":250,"column":53}},{"start":{},"end":{}}]},"36":{"loc":{"start":{"line":251,"column":4},"end":{"line":252,"column":78}},"type":"if","locations":[{"start":{"line":251,"column":4},"end":{"line":252,"column":78}},{"start":{},"end":{}}]},"37":{"loc":{"start":{"line":265,"column":4},"end":{"line":265,"column":63}},"type":"if","locations":[{"start":{"line":265,"column":4},"end":{"line":265,"column":63}},{"start":{},"end":{}}]},"38":{"loc":{"start":{"line":266,"column":4},"end":{"line":267,"column":53}},"type":"if","locations":[{"start":{"line":266,"column":4},"end":{"line":267,"column":53}},{"start":{},"end":{}}]},"39":{"loc":{"start":{"line":268,"column":4},"end":{"line":271,"column":8}},"type":"if","locations":[{"start":{"line":268,"column":4},"end":{"line":271,"column":8}},{"start":{},"end":{}}]},"40":{"loc":{"start":{"line":268,"column":8},"end":{"line":268,"column":65}},"type":"binary-expr","locations":[{"start":{"line":268,"column":8},"end":{"line":268,"column":36}},{"start":{"line":268,"column":40},"end":{"line":268,"column":65}}]},"41":{"loc":{"start":{"line":272,"column":4},"end":{"line":273,"column":71}},"type":"if","locations":[{"start":{"line":272,"column":4},"end":{"line":273,"column":71}},{"start":{},"end":{}}]},"42":{"loc":{"start":{"line":287,"column":2},"end":{"line":291,"column":3}},"type":"if","locations":[{"start":{"line":287,"column":2},"end":{"line":291,"column":3}},{"start":{},"end":{}}]},"43":{"loc":{"start":{"line":13,"column":30},"end":{"line":13,"column":46}},"type":"cond-expr","locations":[{"start":{"line":13,"column":43},"end":{"line":13,"column":46}},{"start":{"line":13,"column":43},"end":{"line":13,"column":46}}]},"44":{"loc":{"start":{"line":13,"column":30},"end":{"line":13,"column":43}},"type":"binary-expr","locations":[{"start":{"line":13,"column":30},"end":{"line":13,"column":46}},{"start":{"line":13,"column":30},"end":{"line":13,"column":43}}]}},"s":{"0":0,"1":0,"2":0,"3":0,"4":0,"5":0,"6":0,"7":0,"8":0,"9":0,"10":0,"11":0,"12":0,"13":0,"14":0,"15":0,"16":0,"17":0,"18":0,"19":0,"20":0,"21":0,"22":0,"23":0,"24":0,"25":0,"26":0,"27":0,"28":0,"29":0,"30":0,"31":0,"32":0,"33":0,"34":0,"35":0,"36":0,"37":0,"38":0,"39":0,"40":0,"41":0,"42":0,"43":0,"44":0,"45":0,"46":0,"47":0,"48":0,"49":0,"50":0,"51":0,"52":0,"53":0,"54":0,"55":0,"56":0,"57":0,"58":0,"59":0,"60":0,"61":0,"62":0,"63":0,"64":0,"65":0,"66":0,"67":0,"68":0,"69":0,"70":0,"71":0,"72":0,"73":0,"74":0,"75":0,"76":0,"77":0,"78":0,"79":0,"80":0,"81":0,"82":0,"83":0},"f":{"0":0,"1":0,"2":0,"3":0,"4":0,"5":0,"6":0,"7":0,"8":0,"9":0,"10":0,"11":0,"12":0,"13":0,"14":0,"15":0},"b":{"0":[0,0],"1":[0],"2":[0],"3":[0,0],"4":[0,0],"5":[0,0],"6":[0,0],"7":[0,0],"8":[0,0],"9":[0,0],"10":[0,0],"11":[0,0],"12":[0,0],"13":[0,0],"14":[0,0],"15":[0,0],"16":[0,0],"17":[0,0],"18":[0,0],"19":[0,0],"20":[0,0],"21":[0,0],"22":[0,0],"23":[0,0],"24":[0,0],"25":[0,0],"26":[0,0],"27":[0,0],"28":[0,0],"29":[0,0],"30":[0,0],"31":[0,0],"32":[0,0],"33":[0,0],"34":[0,0],"35":[0,0],"36":[0,0],"37":[0,0],"38":[0,0],"39":[0,0],"40":[0,0],"41":[0,0],"42":[0,0],"43":[0,0],"44":[0,0]}}
,"/Users/adamshawky/GitHub/event-flow/backend/src/events/dto/create-event.dto.ts": {"path":"/Users/adamshawky/GitHub/event-flow/backend/src/events/dto/create-event.dto.ts","statementMap":{"0":{"start":{"line":1,"column":0},"end":{"line":1,"column":13}}},"fnMap":{},"branchMap":{},"s":{"0":0},"f":{},"b":{}}
,"/Users/adamshawky/GitHub/event-flow/backend/src/events/dto/update-event.dto.ts": {"path":"/Users/adamshawky/GitHub/event-flow/backend/src/events/dto/update-event.dto.ts","statementMap":{"0":{"start":{"line":1,"column":0},"end":{"line":1,"column":13}}},"fnMap":{},"branchMap":{},"s":{"0":0},"f":{},"b":{}}
,"/Users/adamshawky/GitHub/event-flow/backend/src/export/export.controller.ts": {"path":"/Users/adamshawky/GitHub/event-flow/backend/src/export/export.controller.ts","statementMap":{"0":{"start":{"line":1,"column":0},"end":{"line":1,"column":65}},"1":{"start":{"line":3,"column":0},"end":{"line":3,"column":49}},"2":{"start":{"line":4,"column":0},"end":{"line":4,"column":45}},"3":{"start":{"line":5,"column":0},"end":{"line":5,"column":49}},"4":{"start":{"line":6,"column":0},"end":{"line":6,"column":48}},"5":{"start":{"line":11,"column":7},"end":{"line":29,"column":null}},"6":{"start":{"line":12,"column":22},"end":{"line":12,"column":37}},"7":{"start":{"line":16,"column":17},"end":{"line":16,"column":54}},"8":{"start":{"line":17,"column":4},"end":{"line":17,"column":54}},"9":{"start":{"line":18,"column":4},"end":{"line":18,"column":77}},"10":{"start":{"line":19,"column":4},"end":{"line":19,"column":44}},"11":{"start":{"line":24,"column":16},"end":{"line":24,"column":52}},"12":{"start":{"line":25,"column":4},"end":{"line":25,"column":53}},"13":{"start":{"line":26,"column":4},"end":{"line":26,"column":76}},"14":{"start":{"line":27,"column":4},"end":{"line":27,"column":18}},"15":{"start":{"line":11,"column":13},"end":{"line":11,"column":29}},"16":{"start":{"line":15,"column":8},"end":{"line":20,"column":null}},"17":{"start":{"line":23,"column":8},"end":{"line":28,"column":null}},"18":{"start":{"line":11,"column":13},"end":{"line":29,"column":null}}},"fnMap":{"0":{"name":"(anonymous_4)","decl":{"start":{"line":12,"column":2},"end":{"line":12,"column":22}},"loc":{"start":{"line":12,"column":50},"end":{"line":12,"column":54}}},"1":{"name":"(anonymous_5)","decl":{"start":{"line":15,"column":8},"end":{"line":15,"column":18}},"loc":{"start":{"line":15,"column":39},"end":{"line":20,"column":3}}},"2":{"name":"(anonymous_6)","decl":{"start":{"line":23,"column":8},"end":{"line":23,"column":17}},"loc":{"start":{"line":23,"column":38},"end":{"line":28,"column":3}}}},"branchMap":{"0":{"loc":{"start":{"line":12,"column":37},"end":{"line":12,"column":53}},"type":"cond-expr","locations":[{"start":{"line":12,"column":50},"end":{"line":12,"column":53}},{"start":{"line":12,"column":50},"end":{"line":12,"column":53}}]},"1":{"loc":{"start":{"line":12,"column":37},"end":{"line":12,"column":50}},"type":"binary-expr","locations":[{"start":{"line":12,"column":37},"end":{"line":12,"column":53}},{"start":{"line":12,"column":37},"end":{"line":12,"column":50}}]}},"s":{"0":0,"1":0,"2":0,"3":0,"4":0,"5":0,"6":0,"7":0,"8":0,"9":0,"10":0,"11":0,"12":0,"13":0,"14":0,"15":0,"16":0,"17":0,"18":0},"f":{"0":0,"1":0,"2":0},"b":{"0":[0,0],"1":[0,0]}}
,"/Users/adamshawky/GitHub/event-flow/backend/src/export/export.module.ts": {"path":"/Users/adamshawky/GitHub/event-flow/backend/src/export/export.module.ts","statementMap":{"0":{"start":{"line":1,"column":0},"end":{"line":1,"column":40}},"1":{"start":{"line":2,"column":0},"end":{"line":2,"column":49}},"2":{"start":{"line":3,"column":0},"end":{"line":3,"column":55}},"3":{"start":{"line":9,"column":7},"end":{"line":9,"column":null}},"4":{"start":{"line":9,"column":13},"end":{"line":9,"column":25}},"5":{"start":{"line":9,"column":13},"end":{"line":9,"column":null}}},"fnMap":{},"branchMap":{},"s":{"0":0,"1":0,"2":0,"3":0,"4":0,"5":0},"f":{},"b":{}}
,"/Users/adamshawky/GitHub/event-flow/backend/src/export/export.service.ts": {"path":"/Users/adamshawky/GitHub/event-flow/backend/src/export/export.service.ts","statementMap":{"0":{"start":{"line":1,"column":0},"end":{"line":1,"column":44}},"1":{"start":{"line":2,"column":0},"end":{"line":2,"column":57}},"2":{"start":{"line":5,"column":7},"end":{"line":102,"column":null}},"3":{"start":{"line":6,"column":22},"end":{"line":6,"column":30}},"4":{"start":{"line":9,"column":4},"end":{"line":22,"column":7}},"5":{"start":{"line":26,"column":19},"end":{"line":26,"column":48}},"6":{"start":{"line":27,"column":4},"end":{"line":27,"column":18}},"7":{"start":{"line":31,"column":19},"end":{"line":31,"column":48}},"8":{"start":{"line":33,"column":22},"end":{"line":95,"column":6}},"9":{"start":{"line":34,"column":25},"end":{"line":36,"column":19}},"10":{"start":{"line":35,"column":20},"end":{"line":35,"column":65}},"11":{"start":{"line":38,"column":26},"end":{"line":47,"column":19}},"12":{"start":{"line":40,"column":17},"end":{"line":45,"column":null}},"13":{"start":{"line":49,"column":23},"end":{"line":60,"column":19}},"14":{"start":{"line":51,"column":17},"end":{"line":58,"column":null}},"15":{"start":{"line":62,"column":21},"end":{"line":64,"column":19}},"16":{"start":{"line":63,"column":20},"end":{"line":63,"column":54}},"17":{"start":{"line":66,"column":26},"end":{"line":68,"column":12}},"18":{"start":{"line":70,"column":6},"end":{"line":94,"column":12}},"19":{"start":{"line":97,"column":4},"end":{"line":100,"column":11}},"20":{"start":{"line":5,"column":13},"end":{"line":5,"column":26}},"21":{"start":{"line":5,"column":13},"end":{"line":102,"column":null}}},"fnMap":{"0":{"name":"(anonymous_2)","decl":{"start":{"line":6,"column":2},"end":{"line":6,"column":22}},"loc":{"start":{"line":6,"column":43},"end":{"line":6,"column":47}}},"1":{"name":"(anonymous_3)","decl":{"start":{"line":8,"column":2},"end":{"line":8,"column":7}},"loc":{"start":{"line":8,"column":24},"end":{"line":23,"column":3}}},"2":{"name":"(anonymous_4)","decl":{"start":{"line":25,"column":2},"end":{"line":25,"column":7}},"loc":{"start":{"line":25,"column":18},"end":{"line":28,"column":3}}},"3":{"name":"(anonymous_5)","decl":{"start":{"line":30,"column":2},"end":{"line":30,"column":7}},"loc":{"start":{"line":30,"column":17},"end":{"line":101,"column":3}}},"4":{"name":"(anonymous_6)","decl":{"start":{"line":33,"column":33},"end":{"line":33,"column":34}},"loc":{"start":{"line":33,"column":43},"end":{"line":95,"column":5}}},"5":{"name":"(anonymous_7)","decl":{"start":{"line":35,"column":13},"end":{"line":35,"column":14}},"loc":{"start":{"line":35,"column":20},"end":{"line":35,"column":65}}},"6":{"name":"(anonymous_8)","decl":{"start":{"line":40,"column":10},"end":{"line":40,"column":11}},"loc":{"start":{"line":40,"column":17},"end":{"line":45,"column":null}}},"7":{"name":"(anonymous_9)","decl":{"start":{"line":51,"column":10},"end":{"line":51,"column":11}},"loc":{"start":{"line":51,"column":17},"end":{"line":58,"column":null}}},"8":{"name":"(anonymous_10)","decl":{"start":{"line":63,"column":13},"end":{"line":63,"column":14}},"loc":{"start":{"line":63,"column":20},"end":{"line":63,"column":54}}}},"branchMap":{"0":{"loc":{"start":{"line":66,"column":26},"end":{"line":68,"column":12}},"type":"cond-expr","locations":[{"start":{"line":67,"column":10},"end":{"line":67,"column":85}},{"start":{"line":68,"column":10},"end":{"line":68,"column":12}}]},"1":{"loc":{"start":{"line":66,"column":26},"end":{"line":66,"column":54}},"type":"binary-expr","locations":[{"start":{"line":66,"column":26},"end":{"line":66,"column":38}},{"start":{"line":66,"column":42},"end":{"line":66,"column":54}}]},"2":{"loc":{"start":{"line":6,"column":30},"end":{"line":6,"column":46}},"type":"cond-expr","locations":[{"start":{"line":6,"column":43},"end":{"line":6,"column":46}},{"start":{"line":6,"column":43},"end":{"line":6,"column":46}}]},"3":{"loc":{"start":{"line":6,"column":30},"end":{"line":6,"column":43}},"type":"binary-expr","locations":[{"start":{"line":6,"column":30},"end":{"line":6,"column":46}},{"start":{"line":6,"column":30},"end":{"line":6,"column":43}}]}},"s":{"0":0,"1":0,"2":0,"3":0,"4":0,"5":0,"6":0,"7":0,"8":0,"9":0,"10":0,"11":0,"12":0,"13":0,"14":0,"15":0,"16":0,"17":0,"18":0,"19":0,"20":0,"21":0},"f":{"0":0,"1":0,"2":0,"3":0,"4":0,"5":0,"6":0,"7":0,"8":0},"b":{"0":[0,0],"1":[0,0],"2":[0,0],"3":[0,0]}}
,"/Users/adamshawky/GitHub/event-flow/backend/src/messages/messages.controller.ts": {"path":"/Users/adamshawky/GitHub/event-flow/backend/src/messages/messages.controller.ts","statementMap":{"0":{"start":{"line":1,"column":0},"end":{"line":1,"column":null}},"1":{"start":{"line":5,"column":0},"end":{"line":5,"column":53}},"2":{"start":{"line":6,"column":0},"end":{"line":6,"column":60}},"3":{"start":{"line":7,"column":0},"end":{"line":7,"column":45}},"4":{"start":{"line":8,"column":0},"end":{"line":8,"column":53}},"5":{"start":{"line":12,"column":7},"end":{"line":57,"column":null}},"6":{"start":{"line":13,"column":22},"end":{"line":13,"column":39}},"7":{"start":{"line":17,"column":4},"end":{"line":17,"column":52}},"8":{"start":{"line":22,"column":4},"end":{"line":22,"column":51}},"9":{"start":{"line":27,"column":4},"end":{"line":27,"column":50}},"10":{"start":{"line":32,"column":4},"end":{"line":32,"column":57}},"11":{"start":{"line":37,"column":4},"end":{"line":37,"column":57}},"12":{"start":{"line":42,"column":4},"end":{"line":42,"column":62}},"13":{"start":{"line":47,"column":4},"end":{"line":47,"column":61}},"14":{"start":{"line":55,"column":4},"end":{"line":55,"column":75}},"15":{"start":{"line":12,"column":13},"end":{"line":12,"column":31}},"16":{"start":{"line":16,"column":2},"end":{"line":18,"column":null}},"17":{"start":{"line":21,"column":2},"end":{"line":23,"column":null}},"18":{"start":{"line":26,"column":2},"end":{"line":28,"column":null}},"19":{"start":{"line":31,"column":2},"end":{"line":33,"column":null}},"20":{"start":{"line":36,"column":2},"end":{"line":38,"column":null}},"21":{"start":{"line":41,"column":2},"end":{"line":43,"column":null}},"22":{"start":{"line":46,"column":2},"end":{"line":48,"column":null}},"23":{"start":{"line":51,"column":2},"end":{"line":56,"column":null}},"24":{"start":{"line":12,"column":13},"end":{"line":57,"column":null}}},"fnMap":{"0":{"name":"(anonymous_4)","decl":{"start":{"line":13,"column":2},"end":{"line":13,"column":22}},"loc":{"start":{"line":13,"column":54},"end":{"line":13,"column":58}}},"1":{"name":"(anonymous_5)","decl":{"start":{"line":16,"column":2},"end":{"line":16,"column":6}},"loc":{"start":{"line":16,"column":58},"end":{"line":18,"column":3}}},"2":{"name":"(anonymous_6)","decl":{"start":{"line":21,"column":2},"end":{"line":21,"column":10}},"loc":{"start":{"line":21,"column":31},"end":{"line":23,"column":3}}},"3":{"name":"(anonymous_7)","decl":{"start":{"line":26,"column":2},"end":{"line":26,"column":9}},"loc":{"start":{"line":26,"column":30},"end":{"line":28,"column":3}}},"4":{"name":"(anonymous_8)","decl":{"start":{"line":31,"column":2},"end":{"line":31,"column":16}},"loc":{"start":{"line":31,"column":37},"end":{"line":33,"column":3}}},"5":{"name":"(anonymous_9)","decl":{"start":{"line":36,"column":2},"end":{"line":36,"column":12}},"loc":{"start":{"line":36,"column":72},"end":{"line":38,"column":3}}},"6":{"name":"(anonymous_10)","decl":{"start":{"line":41,"column":2},"end":{"line":41,"column":17}},"loc":{"start":{"line":41,"column":77},"end":{"line":43,"column":3}}},"7":{"name":"(anonymous_11)","decl":{"start":{"line":46,"column":2},"end":{"line":46,"column":16}},"loc":{"start":{"line":46,"column":76},"end":{"line":48,"column":3}}},"8":{"name":"(anonymous_12)","decl":{"start":{"line":51,"column":2},"end":{"line":51,"column":25}},"loc":{"start":{"line":53,"column":24},"end":{"line":56,"column":3}}}},"branchMap":{"0":{"loc":{"start":{"line":16,"column":20},"end":{"line":16,"column":39}},"type":"cond-expr","locations":[{"start":{"line":16,"column":36},"end":{"line":16,"column":39}},{"start":{"line":16,"column":36},"end":{"line":16,"column":39}}]},"1":{"loc":{"start":{"line":16,"column":20},"end":{"line":16,"column":36}},"type":"binary-expr","locations":[{"start":{"line":16,"column":20},"end":{"line":16,"column":39}},{"start":{"line":16,"column":20},"end":{"line":16,"column":36}}]},"2":{"loc":{"start":{"line":13,"column":39},"end":{"line":13,"column":57}},"type":"cond-expr","locations":[{"start":{"line":13,"column":54},"end":{"line":13,"column":57}},{"start":{"line":13,"column":54},"end":{"line":13,"column":57}}]},"3":{"loc":{"start":{"line":13,"column":39},"end":{"line":13,"column":54}},"type":"binary-expr","locations":[{"start":{"line":13,"column":39},"end":{"line":13,"column":57}},{"start":{"line":13,"column":39},"end":{"line":13,"column":54}}]}},"s":{"0":0,"1":0,"2":0,"3":0,"4":0,"5":0,"6":0,"7":0,"8":0,"9":0,"10":0,"11":0,"12":0,"13":0,"14":0,"15":0,"16":0,"17":0,"18":0,"19":0,"20":0,"21":0,"22":0,"23":0,"24":0},"f":{"0":0,"1":0,"2":0,"3":0,"4":0,"5":0,"6":0,"7":0,"8":0},"b":{"0":[0,0],"1":[0,0],"2":[0,0],"3":[0,0]}}
,"/Users/adamshawky/GitHub/event-flow/backend/src/messages/messages.module.ts": {"path":"/Users/adamshawky/GitHub/event-flow/backend/src/messages/messages.module.ts","statementMap":{"0":{"start":{"line":1,"column":0},"end":{"line":1,"column":40}},"1":{"start":{"line":2,"column":0},"end":{"line":2,"column":53}},"2":{"start":{"line":3,"column":0},"end":{"line":3,"column":59}},"3":{"start":{"line":9,"column":7},"end":{"line":9,"column":null}},"4":{"start":{"line":9,"column":13},"end":{"line":9,"column":27}},"5":{"start":{"line":9,"column":13},"end":{"line":9,"column":null}}},"fnMap":{},"branchMap":{},"s":{"0":0,"1":0,"2":0,"3":0,"4":0,"5":0},"f":{},"b":{}}
,"/Users/adamshawky/GitHub/event-flow/backend/src/messages/messages.service.ts": {"path":"/Users/adamshawky/GitHub/event-flow/backend/src/messages/messages.service.ts","statementMap":{"0":{"start":{"line":1,"column":0},"end":{"line":1,"column":null}},"1":{"start":{"line":6,"column":0},"end":{"line":6,"column":57}},"2":{"start":{"line":10,"column":7},"end":{"line":148,"column":null}},"3":{"start":{"line":11,"column":22},"end":{"line":11,"column":30}},"4":{"start":{"line":14,"column":21},"end":{"line":16,"column":6}},"5":{"start":{"line":17,"column":4},"end":{"line":17,"column":69}},"6":{"start":{"line":17,"column":19},"end":{"line":17,"column":69}},"7":{"start":{"line":19,"column":4},"end":{"line":30,"column":7}},"8":{"start":{"line":34,"column":4},"end":{"line":43,"column":7}},"9":{"start":{"line":47,"column":4},"end":{"line":56,"column":7}},"10":{"start":{"line":60,"column":20},"end":{"line":62,"column":6}},"11":{"start":{"line":63,"column":4},"end":{"line":63,"column":67}},"12":{"start":{"line":63,"column":18},"end":{"line":63,"column":67}},"13":{"start":{"line":64,"column":4},"end":{"line":65,"column":55}},"14":{"start":{"line":65,"column":6},"end":{"line":65,"column":55}},"15":{"start":{"line":67,"column":4},"end":{"line":70,"column":7}},"16":{"start":{"line":74,"column":20},"end":{"line":76,"column":6}},"17":{"start":{"line":77,"column":4},"end":{"line":77,"column":67}},"18":{"start":{"line":77,"column":18},"end":{"line":77,"column":67}},"19":{"start":{"line":78,"column":4},"end":{"line":79,"column":55}},"20":{"start":{"line":79,"column":6},"end":{"line":79,"column":55}},"21":{"start":{"line":81,"column":4},"end":{"line":84,"column":7}},"22":{"start":{"line":88,"column":20},"end":{"line":90,"column":6}},"23":{"start":{"line":91,"column":4},"end":{"line":91,"column":67}},"24":{"start":{"line":91,"column":18},"end":{"line":91,"column":67}},"25":{"start":{"line":92,"column":4},"end":{"line":93,"column":55}},"26":{"start":{"line":93,"column":6},"end":{"line":93,"column":55}},"27":{"start":{"line":95,"column":4},"end":{"line":98,"column":7}},"28":{"start":{"line":102,"column":18},"end":{"line":108,"column":6}},"29":{"start":{"line":109,"column":4},"end":{"line":109,"column":34}},"30":{"start":{"line":113,"column":18},"end":{"line":123,"column":6}},"31":{"start":{"line":125,"column":4},"end":{"line":125,"column":63}},"32":{"start":{"line":125,"column":16},"end":{"line":125,"column":63}},"33":{"start":{"line":126,"column":4},"end":{"line":127,"column":53}},"34":{"start":{"line":127,"column":6},"end":{"line":127,"column":53}},"35":{"start":{"line":129,"column":30},"end":{"line":131,"column":6}},"36":{"start":{"line":130,"column":43},"end":{"line":130,"column":56}},"37":{"start":{"line":133,"column":4},"end":{"line":144,"column":6}},"38":{"start":{"line":135,"column":8},"end":{"line":142,"column":10}},"39":{"start":{"line":146,"column":4},"end":{"line":146,"column":73}},"40":{"start":{"line":10,"column":13},"end":{"line":10,"column":28}},"41":{"start":{"line":10,"column":13},"end":{"line":148,"column":null}}},"fnMap":{"0":{"name":"(anonymous_2)","decl":{"start":{"line":11,"column":2},"end":{"line":11,"column":22}},"loc":{"start":{"line":11,"column":43},"end":{"line":11,"column":47}}},"1":{"name":"(anonymous_3)","decl":{"start":{"line":13,"column":2},"end":{"line":13,"column":7}},"loc":{"start":{"line":13,"column":52},"end":{"line":31,"column":3}}},"2":{"name":"(anonymous_4)","decl":{"start":{"line":33,"column":2},"end":{"line":33,"column":7}},"loc":{"start":{"line":33,"column":31},"end":{"line":44,"column":3}}},"3":{"name":"(anonymous_5)","decl":{"start":{"line":46,"column":2},"end":{"line":46,"column":7}},"loc":{"start":{"line":46,"column":30},"end":{"line":57,"column":3}}},"4":{"name":"(anonymous_6)","decl":{"start":{"line":59,"column":2},"end":{"line":59,"column":7}},"loc":{"start":{"line":59,"column":52},"end":{"line":71,"column":3}}},"5":{"name":"(anonymous_7)","decl":{"start":{"line":73,"column":2},"end":{"line":73,"column":7}},"loc":{"start":{"line":73,"column":57},"end":{"line":85,"column":3}}},"6":{"name":"(anonymous_8)","decl":{"start":{"line":87,"column":2},"end":{"line":87,"column":7}},"loc":{"start":{"line":87,"column":56},"end":{"line":99,"column":3}}},"7":{"name":"(anonymous_9)","decl":{"start":{"line":101,"column":2},"end":{"line":101,"column":7}},"loc":{"start":{"line":101,"column":37},"end":{"line":110,"column":3}}},"8":{"name":"(anonymous_10)","decl":{"start":{"line":112,"column":2},"end":{"line":112,"column":7}},"loc":{"start":{"line":112,"column":68},"end":{"line":147,"column":3}}},"9":{"name":"(anonymous_11)","decl":{"start":{"line":130,"column":36},"end":{"line":130,"c
[...]
,"/Users/adamshawky/GitHub/event-flow/backend/src/recommendations/recommendations.controller.ts": {"path":"/Users/adamshawky/GitHub/event-flow/backend/src/recommendations/recommendations.controller.ts","statementMap":{"0":{"start":{"line":1,"column":0},"end":{"line":1,"column":60}},"1":{"start":{"line":2,"column":0},"end":{"line":2,"column":67}},"2":{"start":{"line":3,"column":0},"end":{"line":3,"column":45}},"3":{"start":{"line":4,"column":0},"end":{"line":4,"column":53}},"4":{"start":{"line":7,"column":7},"end":{"line":20,"column":null}},"5":{"start":{"line":8,"column":22},"end":{"line":8,"column":46}},"6":{"start":{"line":13,"column":4},"end":{"line":13,"column":68}},"7":{"start":{"line":18,"column":4},"end":{"line":18,"column":61}},"8":{"start":{"line":7,"column":13},"end":{"line":7,"column":38}},"9":{"start":{"line":12,"column":8},"end":{"line":14,"column":null}},"10":{"start":{"line":17,"column":8},"end":{"line":19,"column":null}},"11":{"start":{"line":7,"column":13},"end":{"line":20,"column":null}}},"fnMap":{"0":{"name":"(anonymous_4)","decl":{"start":{"line":8,"column":2},"end":{"line":8,"column":22}},"loc":{"start":{"line":8,"column":68},"end":{"line":8,"column":72}}},"1":{"name":"(anonymous_5)","decl":{"start":{"line":12,"column":8},"end":{"line":12,"column":26}},"loc":{"start":{"line":12,"column":47},"end":{"line":14,"column":3}}},"2":{"name":"(anonymous_6)","decl":{"start":{"line":17,"column":8},"end":{"line":17,"column":32}},"loc":{"start":{"line":17,"column":32},"end":{"line":19,"column":3}}}},"branchMap":{"0":{"loc":{"start":{"line":8,"column":46},"end":{"line":8,"column":71}},"type":"cond-expr","locations":[{"start":{"line":8,"column":68},"end":{"line":8,"column":71}},{"start":{"line":8,"column":68},"end":{"line":8,"column":71}}]},"1":{"loc":{"start":{"line":8,"column":46},"end":{"line":8,"column":68}},"type":"binary-expr","locations":[{"start":{"line":8,"column":46},"end":{"line":8,"column":71}},{"start":{"line":8,"column":46},"end":{"line":8,"column":68}}]}},"s":{"0":0,"1":0,"2":0,"3":0,"4":0,"5":0,"6":0,"7":0,"8":0,"9":0,"10":0,"11":0},"f":{"0":0,"1":0,"2":0},"b":{"0":[0,0],"1":[0,0]}}
,"/Users/adamshawky/GitHub/event-flow/backend/src/recommendations/recommendations.module.ts": {"path":"/Users/adamshawky/GitHub/event-flow/backend/src/recommendations/recommendations.module.ts","statementMap":{"0":{"start":{"line":1,"column":0},"end":{"line":1,"column":40}},"1":{"start":{"line":2,"column":0},"end":{"line":2,"column":67}},"2":{"start":{"line":3,"column":0},"end":{"line":3,"column":73}},"3":{"start":{"line":9,"column":7},"end":{"line":9,"column":null}},"4":{"start":{"line":9,"column":13},"end":{"line":9,"column":34}},"5":{"start":{"line":9,"column":13},"end":{"line":9,"column":null}}},"fnMap":{},"branchMap":{},"s":{"0":0,"1":0,"2":0,"3":0,"4":0,"5":0},"f":{},"b":{}}
,"/Users/adamshawky/GitHub/event-flow/backend/src/recommendations/recommendations.service.ts": {"path":"/Users/adamshawky/GitHub/event-flow/backend/src/recommendations/recommendations.service.ts","statementMap":{"0":{"start":{"line":1,"column":0},"end":{"line":1,"column":66}},"1":{"start":{"line":2,"column":0},"end":{"line":2,"column":57}},"2":{"start":{"line":3,"column":0},"end":{"line":3,"column":70}},"3":{"start":{"line":4,"column":0},"end":{"line":4,"column":29}},"4":{"start":{"line":5,"column":0},"end":{"line":5,"column":25}},"5":{"start":{"line":8,"column":35},"end":{"line":100,"column":null}},"6":{"start":{"line":9,"column":28},"end":{"line":9,"column":67}},"7":{"start":{"line":11,"column":34},"end":{"line":11,"column":59}},"8":{"start":{"line":12,"column":35},"end":{"line":12,"column":60}},"9":{"start":{"line":14,"column":22},"end":{"line":14,"column":30}},"10":{"start":{"line":15,"column":4},"end":{"line":15,"column":65}},"11":{"start":{"line":19,"column":4},"end":{"line":19,"column":28}},"12":{"start":{"line":23,"column":4},"end":{"line":38,"column":5}},"13":{"start":{"line":24,"column":22},"end":{"line":24,"column":68}},"14":{"start":{"line":25,"column":6},"end":{"line":28,"column":7}},"15":{"start":{"line":26,"column":8},"end":{"line":26,"column":80}},"16":{"start":{"line":27,"column":8},"end":{"line":27,"column":15}},"17":{"start":{"line":30,"column":6},"end":{"line":30,"column":53}},"18":{"start":{"line":31,"column":22},"end":{"line":31,"column":49}},"19":{"start":{"line":32,"column":6},"end":{"line":32,"column":75}},"20":{"start":{"line":34,"column":6},"end":{"line":34,"column":30}},"21":{"start":{"line":35,"column":6},"end":{"line":35,"column":47}},"22":{"start":{"line":37,"column":6},"end":{"line":37,"column":52}},"23":{"start":{"line":42,"column":26},"end":{"line":51,"column":4}},"24":{"start":{"line":53,"column":2},"end":{"line":53,"column":46}},"25":{"start":{"line":53,"column":36},"end":{"line":53,"column":46}},"26":{"start":{"line":55,"column":23},"end":{"line":58,"column":4}},"27":{"start":{"line":60,"column":20},"end":{"line":63,"column":4}},"28":{"start":{"line":65,"column":25},"end":{"line":65,"column":59}},"29":{"start":{"line":65,"column":49},"end":{"line":65,"column":58}},"30":{"start":{"line":66,"column":25},"end":{"line":66,"column":56}},"31":{"start":{"line":66,"column":46},"end":{"line":66,"column":55}},"32":{"start":{"line":67,"column":29},"end":{"line":67,"column":81}},"33":{"start":{"line":69,"column":2},"end":{"line":74,"column":3}},"34":{"start":{"line":70,"column":4},"end":{"line":73,"column":23}},"35":{"start":{"line":71,"column":21},"end":{"line":71,"column":51}},"36":{"start":{"line":72,"column":22},"end":{"line":72,"column":87}},"37":{"start":{"line":76,"column":21},"end":{"line":76,"column":50}},"38":{"start":{"line":78,"column":55},"end":{"line":78,"column":57}},"39":{"start":{"line":80,"column":2},"end":{"line":91,"column":3}},"40":{"start":{"line":81,"column":4},"end":{"line":81,"column":52}},"41":{"start":{"line":81,"column":43},"end":{"line":81,"column":52}},"42":{"start":{"line":84,"column":4},"end":{"line":89,"column":5}},"43":{"start":{"line":85,"column":6},"end":{"line":85,"column":66}},"44":{"start":{"line":88,"column":6},"end":{"line":88,"column":53}},"45":{"start":{"line":90,"column":4},"end":{"line":90,"column":39}},"46":{"start":{"line":93,"column":2},"end":{"line":93,"column":71}},"47":{"start":{"line":93,"column":32},"end":{"line":93,"column":71}},"48":{"start":{"line":95,"column":2},"end":{"line":98,"column":25}},"49":{"start":{"line":96,"column":20},"end":{"line":96,"column":37}},"50":{"start":{"line":98,"column":16},"end":{"line":98,"column":23}},"51":{"start":{"line":8,"column":13},"end":{"line":8,"column":35}},"52":{"start":{"line":8,"column":13},"end":{"line":100,"column":null}}},"fnMap":{"0":{"name":"(anonymous_11)","decl":{"start":{"line":14,"column":2},"end":{"line":14,"column":22}},"loc":{"start":{"line":14,"column":43},"end":{"line":16,"column":3}}},"1":{"name":"(anonymous_12)","decl":{"start":{"line":18,"column":2},"end":{"line":18,"column":7}},"loc":{"start":{"line":18,"column":20},"end":{"line":20,"column":3}}},"2":{"name":"(anonymous_13)","decl":{"start":{"line":22,"column":10},"end":{"line":22,"column":15}},"loc":{"start":{"line":22,"column":26},"end":{"line":39,"column":3}}},"3":{"name":"(anonymous_14)","decl":{"start":{"line":41,"column":2},"end":{"line":41,"column":7}},"loc":{"start":{"line":41,"column":52},"end":{"line":99,"column":1}}},"4":{"name":"(anonymous_15)","decl":{"start":{"line":65,"column":42},"end":{"line":65,"column":43}},"loc":{"start":{"line":65,"column":49},"end":{"line":65,"column":58}}},"5":{"name":"(anonymous_16)","decl":{"start":{"line":66,"column":39},"end":{"line":66,"column":40}},"loc":{"start":{"line":66,"column":46},"end":{"line":66,"column":55}}},"6":{"name":"(anonymous_17)","decl":{"start":{"line":71,"column":14},"end":{"line":71,"column":15}},"loc":{"start":{"line":71,"column":21},"end":{"line":71,"column":51}}},"7":{"name":"(anonymous_18)","decl":{"start":{"line":72,"column":12},"end":{"line":72,"column":13}},"loc":{"start":{"line":72,"column":22},"end":{"line":72,"column":87}}},"8":{"name":"(anonymous_19)","decl":{"start":{"line":96,"column":10},"end":{"line":96,"column":11}},"loc":{"start":{"line":96,"column":20},"end":{"line":96,"column":37}}},"9":{"name":"(anonymous_20)","decl":{"start":{"line":98,"column":9},"end":{"line":98,"column":10}},"loc":{"start":{"line":98,"column":16},"end":{"line":98,"column":23}}}},"branchMap":{"0":{"loc":{"start":{"line":25,"column":6},"end":{"line":28,"column":7}},"type":"if","locations":[{"start":{"line":25,"column":6},"end":{"line":28,"column":7}},{"start":{},"end":{}}]},"1":{"loc":{"start":{"line":41,"column":43},"end":{"line":41,"column":52}},"type":"default-arg","locations":[{"start":{"line":41,"column":51},"end":{"line":41,"column":52}}]},"2":{"loc":{"start":{"line":53,"column":2},"end":{"line":53,"column":46}},"type":"if","locations":[{"start":{"line":53,"column":2},"end":{"line":53,"column":46}},{"start":{},"end":{}}]},"3":{"loc":{"start":{"line":69,"column":2},"end":{"line":74,"column":3}},"type":"if","locations":[{"start":{"line":69,"column":2},"end":{"line":74,"column":3}},{"start":{},"end":{}}]},"4":{"loc":{"start":{"line":81,"column":4},"end":{"line":81,"column":52}},"type":"if","locations":[{"start":{"line":81,"column":4},"end":{"line":81,"column":52}},{"start":{},"end":{}}]},"5":{"loc":{"start":{"line":84,"column":4},"end":{"line":89,"column":5}},"type":"if","locations":[{"start":{"line":84,"column":4},"end":{"line":89,"column":5}},{"start":{"line":86,"column":11},"end":{"line":89,"column":5}}]},"6":{"loc":{"start":{"line":93,"column":2},"end":{"line":93,"column":71}},"type":"if","locations":[{"start":{"line":93,"column":2},"end":{"line":93,"column":71}},{"start":{},"end":{}}]},"7":{"loc":{"start":{"line":14,"column":30},"end":{"line":14,"column":null}},"type":"cond-expr","locations":[{"start":{"line":14,"column":43},"end":{"line":14,"column":null}},{"start":{"line":14,"column":43},"end":{"line":14,"column":null}}]},"8":{"loc":{"start":{"line":14,"column":30},"end":{"line":14,"column":43}},"type":"binary-expr","locations":[{"start":{"line":14,"column":30},"end":{"line":14,"column":null}},{"start":{"line":14,"column":30},"end":{"line":14,"column":43}}]}},"s":{"0":0,"1":0,"2":0,"3":0,"4":0,"5":0,"6":0,"7":0,"8":0,"9":0,"10":0,"11":0,"12":0,"13":0,"14":0,"15":0,"16":0,"17":0,"18":0,"19":0,"20":0,"21":0,"22":0,"23":0,"24":0,"25":0,"26":0,"27":0,"28":0,"29":0,"30":0,"31":0,"32":0,"33":0,"34":0,"35":0,"36":0,"37":0,"38":0,"39":0,"40":0,"41":0,"42":0,"43":0,"44":0,"45":0,"46":0,"47":0,"48":0,"49":0,"50":0,"51":0,"52":0},"f":{"0":0,"1":0,"2":0,"3":0,"4":0,"5":0,"6":0,"7":0,"8":0,"9":0},"b":{"0":[0,0],"1":[0],"2":[0,0],"3":[0,0],"4":[0,0],"5":[0,0],"6":[0,0],"7":[0,0],"8":[0,0]}}
,"/Users/adamshawky/GitHub/event-flow/backend/src/users/users.controller.ts": {"path":"/Users/adamshawky/GitHub/event-flow/backend/src/users/users.controller.ts","statementMap":{"0":{"start":{"line":1,"column":0},"end":{"line":1,"column":94}},"1":{"start":{"line":2,"column":0},"end":{"line":2,"column":47}},"2":{"start":{"line":3,"column":0},"end":{"line":3,"column":45}},"3":{"start":{"line":4,"column":0},"end":{"line":4,"column":49}},"4":{"start":{"line":5,"column":0},"end":{"line":5,"column":48}},"5":{"start":{"line":9,"column":7},"end":{"line":44,"column":null}},"6":{"start":{"line":10,"column":22},"end":{"line":10,"column":36}},"7":{"start":{"line":15,"column":4},"end":{"line":15,"column":39}},"8":{"start":{"line":21,"column":4},"end":{"line":21,"column":41}},"9":{"start":{"line":27,"column":4},"end":{"line":27,"column":45}},"10":{"start":{"line":33,"column":4},"end":{"line":33,"column":44}},"11":{"start":{"line":42,"column":2},"end":{"line":42,"column":53}},"12":{"start":{"line":9,"column":13},"end":{"line":9,"column":28}},"13":{"start":{"line":14,"column":2},"end":{"line":16,"column":null}},"14":{"start":{"line":20,"column":2},"end":{"line":22,"column":null}},"15":{"start":{"line":26,"column":2},"end":{"line":28,"column":null}},"16":{"start":{"line":32,"column":2},"end":{"line":34,"column":null}},"17":{"start":{"line":38,"column":4},"end":{"line":43,"column":null}},"18":{"start":{"line":9,"column":13},"end":{"line":44,"column":null}}},"fnMap":{"0":{"name":"(anonymous_4)","decl":{"start":{"line":10,"column":2},"end":{"line":10,"column":22}},"loc":{"start":{"line":10,"column":48},"end":{"line":10,"column":52}}},"1":{"name":"(anonymous_5)","decl":{"start":{"line":14,"column":2},"end":{"line":14,"column":9}},"loc":{"start":{"line":14,"column":9},"end":{"line":16,"column":3}}},"2":{"name":"(anonymous_6)","decl":{"start":{"line":20,"column":2},"end":{"line":20,"column":9}},"loc":{"start":{"line":20,"column":47},"end":{"line":22,"column":3}}},"3":{"name":"(anonymous_7)","decl":{"start":{"line":26,"column":2},"end":{"line":26,"column":9}},"loc":{"start":{"line":26,"column":47},"end":{"line":28,"column":3}}},"4":{"name":"(anonymous_8)","decl":{"start":{"line":32,"column":2},"end":{"line":32,"column":8}},"loc":{"start":{"line":32,"column":46},"end":{"line":34,"column":3}}},"5":{"name":"(anonymous_9)","decl":{"start":{"line":38,"column":4},"end":{"line":38,"column":14}},"loc":{"start":{"line":40,"column":32},"end":{"line":43,"column":3}}}},"branchMap":{"0":{"loc":{"start":{"line":10,"column":36},"end":{"line":10,"column":51}},"type":"cond-expr","locations":[{"start":{"line":10,"column":48},"end":{"line":10,"column":51}},{"start":{"line":10,"column":48},"end":{"line":10,"column":51}}]},"1":{"loc":{"start":{"line":10,"column":36},"end":{"line":10,"column":48}},"type":"binary-expr","locations":[{"start":{"line":10,"column":36},"end":{"line":10,"column":51}},{"start":{"line":10,"column":36},"end":{"line":10,"column":48}}]}},"s":{"0":0,"1":0,"2":0,"3":0,"4":0,"5":0,"6":0,"7":0,"8":0,"9":0,"10":0,"11":0,"12":0,"13":0,"14":0,"15":0,"16":0,"17":0,"18":0},"f":{"0":0,"1":0,"2":0,"3":0,"4":0,"5":0},"b":{"0":[0,0],"1":[0,0]}}
,"/Users/adamshawky/GitHub/event-flow/backend/src/users/users.module.ts": {"path":"/Users/adamshawky/GitHub/event-flow/backend/src/users/users.module.ts","statementMap":{"0":{"start":{"line":1,"column":0},"end":{"line":1,"column":40}},"1":{"start":{"line":2,"column":0},"end":{"line":2,"column":47}},"2":{"start":{"line":3,"column":0},"end":{"line":3,"column":53}},"3":{"start":{"line":9,"column":7},"end":{"line":9,"column":null}},"4":{"start":{"line":9,"column":13},"end":{"line":9,"column":24}},"5":{"start":{"line":9,"column":13},"end":{"line":9,"column":null}}},"fnMap":{},"branchMap":{},"s":{"0":0,"1":0,"2":0,"3":0,"4":0,"5":0},"f":{},"b":{}}
,"/Users/adamshawky/GitHub/event-flow/backend/src/users/users.service.ts": {"path":"/Users/adamshawky/GitHub/event-flow/backend/src/users/users.service.ts","statementMap":{"0":{"start":{"line":1,"column":0},"end":{"line":1,"column":63}},"1":{"start":{"line":2,"column":0},"end":{"line":2,"column":57}},"2":{"start":{"line":5,"column":7},"end":{"line":86,"column":null}},"3":{"start":{"line":6,"column":22},"end":{"line":6,"column":30}},"4":{"start":{"line":9,"column":4},"end":{"line":25,"column":7}},"5":{"start":{"line":29,"column":17},"end":{"line":48,"column":6}},"6":{"start":{"line":50,"column":4},"end":{"line":50,"column":61}},"7":{"start":{"line":50,"column":15},"end":{"line":50,"column":61}},"8":{"start":{"line":51,"column":4},"end":{"line":51,"column":16}},"9":{"start":{"line":55,"column":17},"end":{"line":55,"column":69}},"10":{"start":{"line":56,"column":4},"end":{"line":56,"column":61}},"11":{"start":{"line":56,"column":15},"end":{"line":56,"column":61}},"12":{"start":{"line":58,"column":4},"end":{"line":62,"column":7}},"13":{"start":{"line":66,"column":17},"end":{"line":66,"column":69}},"14":{"start":{"line":67,"column":4},"end":{"line":67,"column":61}},"15":{"start":{"line":67,"column":15},"end":{"line":67,"column":61}},"16":{"start":{"line":69,"column":4},"end":{"line":73,"column":7}},"17":{"start":{"line":77,"column":15},"end":{"line":77,"column":67}},"18":{"start":{"line":78,"column":2},"end":{"line":78,"column":59}},"19":{"start":{"line":78,"column":13},"end":{"line":78,"column":59}},"20":{"start":{"line":80,"column":2},"end":{"line":84,"column":5}},"21":{"start":{"line":5,"column":13},"end":{"line":5,"column":25}},"22":{"start":{"line":5,"column":13},"end":{"line":86,"column":null}}},"fnMap":{"0":{"name":"(anonymous_2)","decl":{"start":{"line":6,"column":2},"end":{"line":6,"column":22}},"loc":{"start":{"line":6,"column":43},"end":{"line":6,"column":47}}},"1":{"name":"(anonymous_3)","decl":{"start":{"line":8,"column":2},"end":{"line":8,"column":7}},"loc":{"start":{"line":8,"column":15},"end":{"line":26,"column":3}}},"2":{"name":"(anonymous_4)","decl":{"start":{"line":28,"column":2},"end":{"line":28,"column":7}},"loc":{"start":{"line":28,"column":26},"end":{"line":52,"column":3}}},"3":{"name":"(anonymous_5)","decl":{"start":{"line":54,"column":2},"end":{"line":54,"column":7}},"loc":{"start":{"line":54,"column":30},"end":{"line":63,"column":3}}},"4":{"name":"(anonymous_6)","decl":{"start":{"line":65,"column":2},"end":{"line":65,"column":7}},"loc":{"start":{"line":65,"column":29},"end":{"line":74,"column":3}}},"5":{"name":"(anonymous_7)","decl":{"start":{"line":76,"column":2},"end":{"line":76,"column":7}},"loc":{"start":{"line":76,"column":43},"end":{"line":85,"column":1}}}},"branchMap":{"0":{"loc":{"start":{"line":50,"column":4},"end":{"line":50,"column":61}},"type":"if","locations":[{"start":{"line":50,"column":4},"end":{"line":50,"column":61}},{"start":{},"end":{}}]},"1":{"loc":{"start":{"line":56,"column":4},"end":{"line":56,"column":61}},"type":"if","locations":[{"start":{"line":56,"column":4},"end":{"line":56,"column":61}},{"start":{},"end":{}}]},"2":{"loc":{"start":{"line":67,"column":4},"end":{"line":67,"column":61}},"type":"if","locations":[{"start":{"line":67,"column":4},"end":{"line":67,"column":61}},{"start":{},"end":{}}]},"3":{"loc":{"start":{"line":78,"column":2},"end":{"line":78,"column":59}},"type":"if","locations":[{"start":{"line":78,"column":2},"end":{"line":78,"column":59}},{"start":{},"end":{}}]},"4":{"loc":{"start":{"line":6,"column":30},"end":{"line":6,"column":46}},"type":"cond-expr","locations":[{"start":{"line":6,"column":43},"end":{"line":6,"column":46}},{"start":{"line":6,"column":43},"end":{"line":6,"column":46}}]},"5":{"loc":{"start":{"line":6,"column":30},"end":{"line":6,"column":43}},"type":"binary-expr","locations":[{"start":{"line":6,"column":30},"end":{"line":6,"column":46}},{"start":{"line":6,"column":30},"end":{"line":6,"column":43}}]}},"s":{"0":0,"1":0,"2":0,"3":0,"4":0,"5":0,"6":0,"7":0,"8":0,"9":0,"10":0,"11":0,"12":0,"13":0,"14":0,"15":0,"16":0,"17":0,"18":0,"19":0,"20":0,"21":0,"22":0},"f":{"0":0,"1":0,"2":0,"3":0,"4":0,"5":0},"b":{"0":[0,0],"1":[0,0],"2":[0,0],"3":[0,0],"4":[0,0],"5":[0,0]}}
}
